<?xml version="1.0" encoding="UTF-8" ?>
<testsuite tests="6" failures="0" name="com.jk.ndt.etl.dao.access.AccessMapperTest" time="0.018" errors="2" skipped="0">
  <properties>
[...]
</properties>
  <testcase classname="com.jk.ndt.etl.dao.access.AccessMapperTest" name="testListByPage" time="0.001">
    <error message="
### Error querying database.  Cause: java.sql.SQLSyntaxErrorException: ORA-00942: 表或视图不存在

### The error may exist in com/jk/ndt/etl/dao/access/SheetInfoDao.xml
### The error may involve com.jk.ndt.etl.dao.access.SheetInfoDao.listByPage-Inline
### The error occurred while setting parameters
### SQL: select count(0) from (select s.id,s.status,s.columns,   up.id upId,up.fileName ,up.path,up.source,up.status uStatus,   up.sheets_num ,up.upload_date ,up.sha1,up.type,   us.id usId,us.name usName   from ETL_SHEETS s    LEFT JOIN   ETL_UPLOADS up ON s.upload_id=up.id   LEFT JOIN         ETL_ADMIN us ON us.id=up.user_id               order by s.id desc) tmp_count
### Cause: java.sql.SQLSyntaxErrorException: ORA-00942: 表或视图不存在

; bad SQL grammar []; nested exception is java.sql.SQLSyntaxErrorException: ORA-00942: 表或视图不存在
" type="org.springframework.jdbc.BadSqlGrammarException">org.springframework.jdbc.BadSqlGrammarException: 
### Error querying database.  Cause: java.sql.SQLSyntaxErrorException: ORA-00942: 表或视图不存在

### The error may exist in com/jk/ndt/etl/dao/access/SheetInfoDao.xml
### The error may involve com.jk.ndt.etl.dao.access.SheetInfoDao.listByPage-Inline
### The error occurred while setting parameters
### SQL: select count(0) from (select s.id,s.status,s.columns,   up.id upId,up.fileName ,up.path,up.source,up.status uStatus,   up.sheets_num ,up.upload_date ,up.sha1,up.type,   us.id usId,us.name usName   from ETL_SHEETS s    LEFT JOIN   ETL_UPLOADS up ON s.upload_id=up.id   LEFT JOIN         ETL_ADMIN us ON us.id=up.user_id               order by s.id desc) tmp_count
### Cause: java.sql.SQLSyntaxErrorException: ORA-00942: 表或视图不存在

; bad SQL grammar []; nested exception is java.sql.SQLSyntaxErrorException: ORA-00942: 表或视图不存在

	at org.springframework.jdbc.support.SQLErrorCodeSQLExceptionTranslator.doTranslate(SQLErrorCodeSQLExceptionTranslator.java:231)
	at org.springframework.jdbc.support.AbstractFallbackSQLExceptionTranslator.translate(AbstractFallbackSQLExceptionTranslator.java:73)
	at org.mybatis.spring.MyBatisExceptionTranslator.translateExceptionIfPossible(MyBatisExceptionTranslator.java:73)
	at org.mybatis.spring.SqlSessionTemplate$SqlSessionInterceptor.invoke(SqlSessionTemplate.java:371)
	at com.sun.proxy.$Proxy25.selectList(Unknown Source)
	at org.mybatis.spring.SqlSessionTemplate.selectList(SqlSessionTemplate.java:198)
	at org.apache.ibatis.binding.MapperMethod.executeForMany(MapperMethod.java:119)
	at org.apache.ibatis.binding.MapperMethod.execute(MapperMethod.java:63)
	at org.apache.ibatis.binding.MapperProxy.invoke(MapperProxy.java:52)
	at com.sun.proxy.$Proxy34.listByPage(Unknown Source)
	at com.jk.ndt.etl.dao.access.AccessMapperTest.testListByPage(AccessMapperTest.java:80)
	at sun.reflect.NativeMethodAccessorImpl.invoke0(Native Method)
	at sun.reflect.NativeMethodAccessorImpl.invoke(NativeMethodAccessorImpl.java:62)
	at sun.reflect.DelegatingMethodAccessorImpl.invoke(DelegatingMethodAccessorImpl.java:43)
	at java.lang.reflect.Method.invoke(Method.java:498)
	at org.junit.runners.model.FrameworkMethod$1.runReflectiveCall(FrameworkMethod.java:50)
	at org.junit.internal.runners.model.ReflectiveCallable.run(ReflectiveCallable.java:12)
	at org.junit.runners.model.FrameworkMethod.invokeExplosively(FrameworkMethod.java:47)
	at org.junit.internal.runners.statements.InvokeMethod.evaluate(InvokeMethod.java:17)
	at org.springframework.test.context.junit4.statements.RunBeforeTestMethodCallbacks.evaluate(RunBeforeTestMethodCallbacks.java:72)
	at org.springframework.test.context.junit4.statements.RunAfterTestMethodCallbacks.evaluate(RunAfterTestMethodCallbacks.java:81)
	at org.springframework.test.context.junit4.statements.SpringRepeat.evaluate(SpringRepeat.java:72)
	at org.junit.runners.ParentRunner.runLeaf(ParentRunner.java:325)
	at org.springframework.test.context.junit4.SpringJUnit4ClassRunner.runChild(SpringJUnit4ClassRunner.java:216)
	at org.springframework.test.context.junit4.SpringJUnit4ClassRunner.runChild(SpringJUnit4ClassRunner.java:82)
	at org.junit.runners.ParentRunner$3.run(ParentRunner.java:290)
	at org.junit.runners.ParentRunner$1.schedule(ParentRunner.java:71)
	at org.junit.runners.ParentRunner.runChildren(ParentRunner.java:288)
	at org.junit.runners.ParentRunner.access$000(ParentRunner.java:58)
	at org.junit.runners.ParentRunner$2.evaluate(ParentRunner.java:268)
	at org.springframework.test.context.junit4.statements.RunBeforeTestClassCallbacks.evaluate(RunBeforeTestClassCallbacks.java:60)
	at org.springframework.test.context.junit4.statements.RunAfterTestClassCallbacks.evaluate(RunAfterTestClassCallbacks.java:67)
	at org.junit.runners.ParentRunner.run(ParentRunner.java:363)
	at org.springframework.test.context.junit4.SpringJUnit4ClassRunner.run(SpringJUnit4ClassRunner.java:162)
	at org.apache.maven.surefire.junit4.JUnit4Provider.execute(JUnit4Provider.java:252)
	at org.apache.maven.surefire.junit4.JUnit4Provider.executeTestSet(JUnit4Provider.java:141)
	at org.apache.maven.surefire.junit4.JUnit4Provider.invoke(JUnit4Provider.java:112)
	at sun.reflect.NativeMethodAccessorImpl.invoke0(Native Method)
	at sun.reflect.NativeMethodAccessorImpl.invoke(NativeMethodAccessorImpl.java:62)
	at sun.reflect.DelegatingMethodAccessorImpl.invoke(DelegatingMethodAccessorImpl.java:43)
	at java.lang.reflect.Method.invoke(Method.java:498)
	at org.apache.maven.surefire.util.ReflectionUtils.invokeMethodWithArray(ReflectionUtils.java:189)
	at org.apache.maven.surefire.booter.ProviderFactory$ProviderProxy.invoke(ProviderFactory.java:165)
	at org.apache.maven.surefire.booter.ProviderFactory.invokeProvider(ProviderFactory.java:85)
	at org.apache.maven.surefire.booter.ForkedBooter.runSuitesInProcess(ForkedBooter.java:115)
	at org.apache.maven.surefire.booter.ForkedBooter.main(ForkedBooter.java:75)
Caused by: java.sql.SQLSyntaxErrorException: ORA-00942: 表或视图不存在

	at oracle.jdbc.driver.T4CTTIoer.processError(T4CTTIoer.java:450)
	at oracle.jdbc.driver.T4CTTIoer.processError(T4CTTIoer.java:399)
	at oracle.jdbc.driver.T4C8Oall.processError(T4C8Oall.java:1059)
	at oracle.jdbc.driver.T4CTTIfun.receive(T4CTTIfun.java:522)
	at oracle.jdbc.driver.T4CTTIfun.doRPC(T4CTTIfun.java:257)
	at oracle.jdbc.driver.T4C8Oall.doOALL(T4C8Oall.java:587)
	at oracle.jdbc.driver.T4CPreparedStatement.doOall8(T4CPreparedStatement.java:225)
	at oracle.jdbc.driver.T4CPreparedStatement.doOall8(T4CPreparedStatement.java:53)
	at oracle.jdbc.driver.T4CPreparedStatement.executeForDescribe(T4CPreparedStatement.java:774)
	at oracle.jdbc.driver.OracleStatement.executeMaybeDescribe(OracleStatement.java:925)
	at oracle.jdbc.driver.OracleStatement.doExecuteWithTimeout(OracleStatement.java:1111)
	at oracle.jdbc.driver.OraclePreparedStatement.executeInternal(OraclePreparedStatement.java:4798)
	at oracle.jdbc.driver.OraclePreparedStatement.execute(OraclePreparedStatement.java:4901)
	at oracle.jdbc.driver.OraclePreparedStatementWrapper.execute(OraclePreparedStatementWrapper.java:1385)
	at com.alibaba.druid.pool.DruidPooledPreparedStatement.execute(DruidPooledPreparedStatement.java:493)
	at sun.reflect.NativeMethodAccessorImpl.invoke0(Native Method)
	at sun.reflect.NativeMethodAccessorImpl.invoke(NativeMethodAccessorImpl.java:62)
	at sun.reflect.DelegatingMethodAccessorImpl.invoke(DelegatingMethodAccessorImpl.java:43)
	at java.lang.reflect.Method.invoke(Method.java:498)
	at org.apache.ibatis.logging.jdbc.PreparedStatementLogger.invoke(PreparedStatementLogger.java:62)
	at com.sun.proxy.$Proxy51.execute(Unknown Source)
	at org.apache.ibatis.executor.statement.PreparedStatementHandler.query(PreparedStatementHandler.java:59)
	at org.apache.ibatis.executor.statement.RoutingStatementHandler.query(RoutingStatementHandler.java:73)
	at org.apache.ibatis.executor.SimpleExecutor.doQuery(SimpleExecutor.java:60)
	at org.apache.ibatis.executor.BaseExecutor.queryFromDatabase(BaseExecutor.java:267)
	at org.apache.ibatis.executor.BaseExecutor.query(BaseExecutor.java:137)
	at org.apache.ibatis.executor.CachingExecutor.query(CachingExecutor.java:96)
	at org.apache.ibatis.executor.CachingExecutor.query(CachingExecutor.java:77)
	at sun.reflect.NativeMethodAccessorImpl.invoke0(Native Method)
	at sun.reflect.NativeMethodAccessorImpl.invoke(NativeMethodAccessorImpl.java:62)
	at sun.reflect.DelegatingMethodAccessorImpl.invoke(DelegatingMethodAccessorImpl.java:43)
	at java.lang.reflect.Method.invoke(Method.java:498)
	at org.apache.ibatis.plugin.Invocation.proceed(Invocation.java:49)
	at com.github.pagehelper.PageHelper.intercept(PageHelper.java:169)
	at org.apache.ibatis.plugin.Plugin.invoke(Plugin.java:60)
	at com.sun.proxy.$Proxy49.query(Unknown Source)
	at org.apache.ibatis.session.defaults.DefaultSqlSession.selectList(DefaultSqlSession.java:108)
	at org.apache.ibatis.session.defaults.DefaultSqlSession.selectList(DefaultSqlSession.java:102)
	at sun.reflect.NativeMethodAccessorImpl.invoke0(Native Method)
	at sun.reflect.NativeMethodAccessorImpl.invoke(NativeMethodAccessorImpl.java:62)
	at sun.reflect.DelegatingMethodAccessorImpl.invoke(DelegatingMethodAccessorImpl.java:43)
	at java.lang.reflect.Method.invoke(Method.java:498)
	at org.mybatis.spring.SqlSessionTemplate$SqlSessionInterceptor.invoke(SqlSessionTemplate.java:358)
	... 42 more
</error>
    <system-out>DEBUG (org.springframework.test.context.support.DirtiesContextTestExecutionListener:117) - After test class: context [DefaultTestContext@4fb392c4 testClass = FileSaveCodeTest, testInstance = [null], testMethod = [null], testException = [null], mergedContextConfiguration = [MergedContextConfiguration@54d1608f testClass = FileSaveCodeTest, locations = &apos;{classpath*:spring*.xml}&apos;, classes = &apos;{}&apos;, contextInitializerClasses = &apos;[]&apos;, activeProfiles = &apos;{}&apos;, propertySourceLocations = &apos;{}&apos;, propertySourceProperties = &apos;{}&apos;, contextLoader = &apos;org.springframework.test.context.support.DelegatingSmartContextLoader&apos;, parent = [null]]], dirtiesContext [false].
DEBUG (org.springframework.test.context.junit4.SpringJUnit4ClassRunner:112) - SpringJUnit4ClassRunner constructor called with [class com.jk.ndt.etl.dao.access.AccessMapperTest].
DEBUG (org.springframework.test.context.BootstrapUtils:77) - Instantiating TestContextBootstrapper from class [org.springframework.test.context.support.DefaultTestContextBootstrapper]
DEBUG (org.springframework.test.context.support.AbstractDelegatingSmartContextLoader:96) - Delegating to GenericXmlContextLoader to process context configuration [ContextConfigurationAttributes@7b81616b declaringClass = &apos;com.jk.ndt.etl.SpringTest&apos;, classes = &apos;{}&apos;, locations = &apos;{classpath*:spring*.xml}&apos;, inheritLocations = true, initializers = &apos;{}&apos;, inheritInitializers = true, name = [null], contextLoaderClass = &apos;org.springframework.test.context.ContextLoader&apos;].
DEBUG (org.springframework.test.context.support.ActiveProfilesUtils:82) - Could not find an &apos;annotation declaring class&apos; for annotation type [org.springframework.test.context.ActiveProfiles] and class [com.jk.ndt.etl.dao.access.AccessMapperTest]
DEBUG (org.springframework.test.context.support.DefaultTestContextBootstrapper:112) - @TestExecutionListeners is not present for class [com.jk.ndt.etl.dao.access.AccessMapperTest]: using defaults.
 INFO (org.springframework.test.context.support.DefaultTestContextBootstrapper:255) - Loaded default TestExecutionListener class names from location [META-INF/spring.factories]: [org.springframework.test.context.web.ServletTestExecutionListener, org.springframework.test.context.support.DependencyInjectionTestExecutionListener, org.springframework.test.context.support.DirtiesContextTestExecutionListener, org.springframework.test.context.transaction.TransactionalTestExecutionListener, org.springframework.test.context.jdbc.SqlScriptsTestExecutionListener]
 INFO (org.springframework.test.context.support.DefaultTestContextBootstrapper:181) - Using TestExecutionListeners: [org.springframework.test.context.web.ServletTestExecutionListener@4c361f63, org.springframework.test.context.support.DependencyInjectionTestExecutionListener@6ed922e1, org.springframework.test.context.support.DirtiesContextTestExecutionListener@4eb166a1, org.springframework.test.context.transaction.TransactionalTestExecutionListener@554c4eaa, org.springframework.test.context.jdbc.SqlScriptsTestExecutionListener@29fd8e67]
DEBUG (org.springframework.test.annotation.ProfileValueUtils:70) - Retrieved @ProfileValueSourceConfiguration [null] for test class [com.jk.ndt.etl.dao.access.AccessMapperTest]
DEBUG (org.springframework.test.annotation.ProfileValueUtils:82) - Retrieved ProfileValueSource type [class org.springframework.test.annotation.SystemProfileValueSource] for class [com.jk.ndt.etl.dao.access.AccessMapperTest]
DEBUG (org.springframework.test.annotation.ProfileValueUtils:70) - Retrieved @ProfileValueSourceConfiguration [null] for test class [com.jk.ndt.etl.dao.access.AccessMapperTest]
DEBUG (org.springframework.test.annotation.ProfileValueUtils:82) - Retrieved ProfileValueSource type [class org.springframework.test.annotation.SystemProfileValueSource] for class [com.jk.ndt.etl.dao.access.AccessMapperTest]
DEBUG (org.springframework.test.annotation.ProfileValueUtils:70) - Retrieved @ProfileValueSourceConfiguration [null] for test class [com.jk.ndt.etl.dao.access.AccessMapperTest]
DEBUG (org.springframework.test.annotation.ProfileValueUtils:82) - Retrieved ProfileValueSource type [class org.springframework.test.annotation.SystemProfileValueSource] for class [com.jk.ndt.etl.dao.access.AccessMapperTest]
DEBUG (org.springframework.test.context.support.DependencyInjectionTestExecutionListener:80) - Performing dependency injection for test context [[DefaultTestContext@e146f93 testClass = AccessMapperTest, testInstance = com.jk.ndt.etl.dao.access.AccessMapperTest@4bd5849e, testMethod = [null], testException = [null], mergedContextConfiguration = [MergedContextConfiguration@7cdbaa50 testClass = AccessMapperTest, locations = &apos;{classpath*:spring*.xml}&apos;, classes = &apos;{}&apos;, contextInitializerClasses = &apos;[]&apos;, activeProfiles = &apos;{}&apos;, propertySourceLocations = &apos;{}&apos;, propertySourceProperties = &apos;{}&apos;, contextLoader = &apos;org.springframework.test.context.support.DelegatingSmartContextLoader&apos;, parent = [null]]]].
DEBUG (org.springframework.test.context.DefaultCacheAwareContextLoaderDelegate:96) - Retrieved ApplicationContext from cache with key [[MergedContextConfiguration@7cdbaa50 testClass = AccessMapperTest, locations = &apos;{classpath*:spring*.xml}&apos;, classes = &apos;{}&apos;, contextInitializerClasses = &apos;[]&apos;, activeProfiles = &apos;{}&apos;, propertySourceLocations = &apos;{}&apos;, propertySourceProperties = &apos;{}&apos;, contextLoader = &apos;org.springframework.test.context.support.DelegatingSmartContextLoader&apos;, parent = [null]]].
DEBUG (org.springframework.beans.factory.annotation.InjectionMetadata:85) - Processing injected method of bean &apos;com.jk.ndt.etl.dao.access.AccessMapperTest&apos;: AutowiredFieldElement for private com.jk.ndt.etl.dao.access.SheetInfoDao com.jk.ndt.etl.dao.access.AccessMapperTest.sheetInfoMapper
DEBUG (org.springframework.beans.factory.support.DefaultListableBeanFactory:247) - Returning cached instance of singleton bean &apos;sheetInfoDao&apos;
DEBUG (org.springframework.beans.factory.annotation.AutowiredAnnotationBeanPostProcessor:461) - Autowiring by type from bean name &apos;com.jk.ndt.etl.dao.access.AccessMapperTest&apos; to bean named &apos;sheetInfoDao&apos;
DEBUG (org.springframework.beans.factory.annotation.InjectionMetadata:85) - Processing injected method of bean &apos;com.jk.ndt.etl.dao.access.AccessMapperTest&apos;: AutowiredFieldElement for private com.jk.ndt.etl.service.access.SheetInfoService com.jk.ndt.etl.dao.access.AccessMapperTest.sheetInfoService
DEBUG (org.springframework.beans.factory.support.DefaultListableBeanFactory:247) - Returning cached instance of singleton bean &apos;sheetInfoService&apos;
DEBUG (org.springframework.beans.factory.annotation.AutowiredAnnotationBeanPostProcessor:461) - Autowiring by type from bean name &apos;com.jk.ndt.etl.dao.access.AccessMapperTest&apos; to bean named &apos;sheetInfoService&apos;
DEBUG (org.springframework.beans.factory.annotation.InjectionMetadata:85) - Processing injected method of bean &apos;com.jk.ndt.etl.dao.access.AccessMapperTest&apos;: AutowiredFieldElement for private com.jk.ndt.etl.dao.access.UploadInfoDao com.jk.ndt.etl.dao.access.AccessMapperTest.uploadInfoMapper
DEBUG (org.springframework.beans.factory.support.DefaultListableBeanFactory:247) - Returning cached instance of singleton bean &apos;uploadInfoDao&apos;
DEBUG (org.springframework.beans.factory.annotation.AutowiredAnnotationBeanPostProcessor:461) - Autowiring by type from bean name &apos;com.jk.ndt.etl.dao.access.AccessMapperTest&apos; to bean named &apos;uploadInfoDao&apos;
DEBUG (org.springframework.beans.factory.annotation.InjectionMetadata:85) - Processing injected method of bean &apos;com.jk.ndt.etl.dao.access.AccessMapperTest&apos;: AutowiredFieldElement for private com.jk.ndt.etl.dao.access.SheetInfoDao com.jk.ndt.etl.dao.access.AccessMapperTest.sheetInfoMapper
DEBUG (org.springframework.beans.factory.support.DefaultListableBeanFactory:247) - Returning cached instance of singleton bean &apos;sheetInfoDao&apos;
DEBUG (org.springframework.beans.factory.annotation.AutowiredAnnotationBeanPostProcessor:461) - Autowiring by type from bean name &apos;com.jk.ndt.etl.dao.access.AccessMapperTest&apos; to bean named &apos;sheetInfoDao&apos;
DEBUG (org.springframework.beans.factory.annotation.InjectionMetadata:85) - Processing injected method of bean &apos;com.jk.ndt.etl.dao.access.AccessMapperTest&apos;: AutowiredFieldElement for private com.jk.ndt.etl.service.access.SheetInfoService com.jk.ndt.etl.dao.access.AccessMapperTest.sheetInfoService
DEBUG (org.springframework.beans.factory.support.DefaultListableBeanFactory:247) - Returning cached instance of singleton bean &apos;sheetInfoService&apos;
DEBUG (org.springframework.beans.factory.annotation.AutowiredAnnotationBeanPostProcessor:461) - Autowiring by type from bean name &apos;com.jk.ndt.etl.dao.access.AccessMapperTest&apos; to bean named &apos;sheetInfoService&apos;
DEBUG (org.springframework.beans.factory.annotation.InjectionMetadata:85) - Processing injected method of bean &apos;com.jk.ndt.etl.dao.access.AccessMapperTest&apos;: AutowiredFieldElement for private com.jk.ndt.etl.dao.access.UploadInfoDao com.jk.ndt.etl.dao.access.AccessMapperTest.uploadInfoMapper
DEBUG (org.springframework.beans.factory.support.DefaultListableBeanFactory:247) - Returning cached instance of singleton bean &apos;uploadInfoDao&apos;
DEBUG (org.springframework.beans.factory.annotation.AutowiredAnnotationBeanPostProcessor:461) - Autowiring by type from bean name &apos;com.jk.ndt.etl.dao.access.AccessMapperTest&apos; to bean named &apos;uploadInfoDao&apos;
DEBUG (org.springframework.beans.factory.support.DefaultListableBeanFactory:247) - Returning cached instance of singleton bean &apos;org.springframework.aop.support.DefaultBeanFactoryPointcutAdvisor#0&apos;
DEBUG (org.springframework.beans.factory.support.DefaultListableBeanFactory:247) - Returning cached instance of singleton bean &apos;org.springframework.cache.config.internalCacheAdvisor&apos;
DEBUG (org.springframework.beans.factory.support.DefaultListableBeanFactory:247) - Returning cached instance of singleton bean &apos;org.springframework.aop.support.DefaultBeanFactoryPointcutAdvisor#0&apos;
DEBUG (org.springframework.beans.factory.support.DefaultListableBeanFactory:247) - Returning cached instance of singleton bean &apos;org.springframework.cache.config.internalCacheAdvisor&apos;
Creating a new SqlSession
SqlSession [org.apache.ibatis.session.defaults.DefaultSqlSession@7343922c] was not registered for synchronization because synchronization is not active
DEBUG (org.springframework.jdbc.datasource.DataSourceUtils:110) - Fetching JDBC Connection from DataSource
JDBC Connection [oracle.jdbc.driver.T4CConnection@412c995d] will not be managed by Spring
==&gt;  Preparing: select count(0) from (select s.id,s.status,s.columns, up.id upId,up.fileName ,up.path,up.source,up.status uStatus, up.sheets_num ,up.upload_date ,up.sha1,up.type, us.id usId,us.name usName from ETL_SHEETS s LEFT JOIN ETL_UPLOADS up ON s.upload_id=up.id LEFT JOIN ETL_ADMIN us ON us.id=up.user_id order by s.id desc) tmp_count 
==&gt; Parameters: 
DEBUG (com.alibaba.druid.pool.PreparedStatementPool:160) - stmt exit cache
Closing non transactional SqlSession [org.apache.ibatis.session.defaults.DefaultSqlSession@7343922c]
DEBUG (org.springframework.jdbc.datasource.DataSourceUtils:327) - Returning JDBC Connection to DataSource
DEBUG (org.springframework.jdbc.support.SQLErrorCodesFactory:199) - Looking up default SQLErrorCodes for DataSource [{
	CreateTime:&quot;2017-06-07 11:10:27&quot;,
	ActiveCount:0,
	PoolingCount:3,
	CreateCount:3,
	DestroyCount:0,
	CloseCount:3,
	ConnectCount:3,
	Connections:[
		{ID:1816468636, ConnectTime:&quot;2017-06-07 11:10:28&quot;, UseCount:0, LastActiveTime:&quot;2017-06-07 11:10:28&quot;},
		{ID:817490653, ConnectTime:&quot;2017-06-07 11:10:28&quot;, UseCount:0, LastActiveTime:&quot;2017-06-07 11:10:28&quot;},
		{ID:1093441885, ConnectTime:&quot;2017-06-07 11:10:28&quot;, UseCount:3, LastActiveTime:&quot;2017-06-07 11:10:32&quot;}
	]
}

[
	{
	ID:1816468636, 
	poolStatements:[
		]
	},
	{
	ID:817490653, 
	poolStatements:[
		]
	},
	{
	ID:1093441885, 
	poolStatements:[
		]
	}
]]
DEBUG (org.springframework.jdbc.support.SQLErrorCodesFactory:207) - SQLErrorCodes found in cache for DataSource [com.alibaba.druid.pool.DruidDataSource@3249a1ce]
DEBUG (org.springframework.jdbc.support.SQLErrorCodeSQLExceptionTranslator:397) - Translating SQLException with SQL state &apos;42000&apos;, error code &apos;942&apos;, message [ORA-00942: �����ͼ������
]; SQL was [] for task [
### Error querying database.  Cause: java.sql.SQLSyntaxErrorException: ORA-00942: �����ͼ������

### The error may exist in com/jk/ndt/etl/dao/access/SheetInfoDao.xml
### The error may involve com.jk.ndt.etl.dao.access.SheetInfoDao.listByPage-Inline
### The error occurred while setting parameters
### SQL: select count(0) from (select s.id,s.status,s.columns,   up.id upId,up.fileName ,up.path,up.source,up.status uStatus,   up.sheets_num ,up.upload_date ,up.sha1,up.type,   us.id usId,us.name usName   from ETL_SHEETS s    LEFT JOIN   ETL_UPLOADS up ON s.upload_id=up.id   LEFT JOIN         ETL_ADMIN us ON us.id=up.user_id               order by s.id desc) tmp_count
### Cause: java.sql.SQLSyntaxErrorException: ORA-00942: �����ͼ������

]
DEBUG (org.springframework.test.context.support.DirtiesContextTestExecutionListener:85) - After test method: context [DefaultTestContext@e146f93 testClass = AccessMapperTest, testInstance = com.jk.ndt.etl.dao.access.AccessMapperTest@4bd5849e, testMethod = testListByPage@AccessMapperTest, testException = org.springframework.jdbc.BadSqlGrammarException: 
### Error querying database.  Cause: java.sql.SQLSyntaxErrorException: ORA-00942: �����ͼ������

### The error may exist in com/jk/ndt/etl/dao/access/SheetInfoDao.xml
### The error may involve com.jk.ndt.etl.dao.access.SheetInfoDao.listByPage-Inline
### The error occurred while setting parameters
### SQL: select count(0) from (select s.id,s.status,s.columns,   up.id upId,up.fileName ,up.path,up.source,up.status uStatus,   up.sheets_num ,up.upload_date ,up.sha1,up.type,   us.id usId,us.name usName   from ETL_SHEETS s    LEFT JOIN   ETL_UPLOADS up ON s.upload_id=up.id   LEFT JOIN         ETL_ADMIN us ON us.id=up.user_id               order by s.id desc) tmp_count
### Cause: java.sql.SQLSyntaxErrorException: ORA-00942: �����ͼ������

; bad SQL grammar []; nested exception is java.sql.SQLSyntaxErrorException: ORA-00942: �����ͼ������
, mergedContextConfiguration = [MergedContextConfiguration@7cdbaa50 testClass = AccessMapperTest, locations = &apos;{classpath*:spring*.xml}&apos;, classes = &apos;{}&apos;, contextInitializerClasses = &apos;[]&apos;, activeProfiles = &apos;{}&apos;, propertySourceLocations = &apos;{}&apos;, propertySourceProperties = &apos;{}&apos;, contextLoader = &apos;org.springframework.test.context.support.DelegatingSmartContextLoader&apos;, parent = [null]]], class dirties context [false], class mode [null], method dirties context [false].
</system-out>
  </testcase>
  <testcase classname="com.jk.ndt.etl.dao.access.AccessMapperTest" name="testGetById" time="0"/>
  <testcase classname="com.jk.ndt.etl.dao.access.AccessMapperTest" name="testListAll" time="0"/>
  <testcase classname="com.jk.ndt.etl.dao.access.AccessMapperTest" name="testGetBySha1" time="0"/>
  <testcase classname="com.jk.ndt.etl.dao.access.AccessMapperTest" name="testDelete" time="0"/>
  <testcase classname="com.jk.ndt.etl.dao.access.AccessMapperTest" name="testInsert" time="0.017">
    <error message="
### Error updating database.  Cause: java.sql.SQLSyntaxErrorException: ORA-00942: 表或视图不存在

### SQL: insert into ETL_UPLOADS              ( fileName,                         status,                 upload_date )     values ( ?,                         ?,                 ? )
### Cause: java.sql.SQLSyntaxErrorException: ORA-00942: 表或视图不存在

; bad SQL grammar []; nested exception is java.sql.SQLSyntaxErrorException: ORA-00942: 表或视图不存在
" type="org.springframework.jdbc.BadSqlGrammarException">org.springframework.jdbc.BadSqlGrammarException: 
### Error updating database.  Cause: java.sql.SQLSyntaxErrorException: ORA-00942: 表或视图不存在

### SQL: insert into ETL_UPLOADS              ( fileName,                         status,                 upload_date )     values ( ?,                         ?,                 ? )
### Cause: java.sql.SQLSyntaxErrorException: ORA-00942: 表或视图不存在

; bad SQL grammar []; nested exception is java.sql.SQLSyntaxErrorException: ORA-00942: 表或视图不存在

	at org.springframework.jdbc.support.SQLErrorCodeSQLExceptionTranslator.doTranslate(SQLErrorCodeSQLExceptionTranslator.java:231)
	at org.springframework.jdbc.support.AbstractFallbackSQLExceptionTranslator.translate(AbstractFallbackSQLExceptionTranslator.java:73)
	at org.mybatis.spring.MyBatisExceptionTranslator.translateExceptionIfPossible(MyBatisExceptionTranslator.java:73)
	at org.mybatis.spring.SqlSessionTemplate$SqlSessionInterceptor.invoke(SqlSessionTemplate.java:371)
	at com.sun.proxy.$Proxy25.insert(Unknown Source)
	at org.mybatis.spring.SqlSessionTemplate.insert(SqlSessionTemplate.java:240)
	at org.apache.ibatis.binding.MapperMethod.execute(MapperMethod.java:51)
	at org.apache.ibatis.binding.MapperProxy.invoke(MapperProxy.java:52)
	at com.sun.proxy.$Proxy33.save(Unknown Source)
	at com.jk.ndt.etl.dao.access.AccessMapperTest.testInsert(AccessMapperTest.java:36)
	at sun.reflect.NativeMethodAccessorImpl.invoke0(Native Method)
	at sun.reflect.NativeMethodAccessorImpl.invoke(NativeMethodAccessorImpl.java:62)
	at sun.reflect.DelegatingMethodAccessorImpl.invoke(DelegatingMethodAccessorImpl.java:43)
	at java.lang.reflect.Method.invoke(Method.java:498)
	at org.junit.runners.model.FrameworkMethod$1.runReflectiveCall(FrameworkMethod.java:50)
	at org.junit.internal.runners.model.ReflectiveCallable.run(ReflectiveCallable.java:12)
	at org.junit.runners.model.FrameworkMethod.invokeExplosively(FrameworkMethod.java:47)
	at org.junit.internal.runners.statements.InvokeMethod.evaluate(InvokeMethod.java:17)
	at org.springframework.test.context.junit4.statements.RunBeforeTestMethodCallbacks.evaluate(RunBeforeTestMethodCallbacks.java:72)
	at org.springframework.test.context.junit4.statements.RunAfterTestMethodCallbacks.evaluate(RunAfterTestMethodCallbacks.java:81)
	at org.springframework.test.context.junit4.statements.SpringRepeat.evaluate(SpringRepeat.java:72)
	at org.junit.runners.ParentRunner.runLeaf(ParentRunner.java:325)
	at org.springframework.test.context.junit4.SpringJUnit4ClassRunner.runChild(SpringJUnit4ClassRunner.java:216)
	at org.springframework.test.context.junit4.SpringJUnit4ClassRunner.runChild(SpringJUnit4ClassRunner.java:82)
	at org.junit.runners.ParentRunner$3.run(ParentRunner.java:290)
	at org.junit.runners.ParentRunner$1.schedule(ParentRunner.java:71)
	at org.junit.runners.ParentRunner.runChildren(ParentRunner.java:288)
	at org.junit.runners.ParentRunner.access$000(ParentRunner.java:58)
	at org.junit.runners.ParentRunner$2.evaluate(ParentRunner.java:268)
	at org.springframework.test.context.junit4.statements.RunBeforeTestClassCallbacks.evaluate(RunBeforeTestClassCallbacks.java:60)
	at org.springframework.test.context.junit4.statements.RunAfterTestClassCallbacks.evaluate(RunAfterTestClassCallbacks.java:67)
	at org.junit.runners.ParentRunner.run(ParentRunner.java:363)
	at org.springframework.test.context.junit4.SpringJUnit4ClassRunner.run(SpringJUnit4ClassRunner.java:162)
	at org.apache.maven.surefire.junit4.JUnit4Provider.execute(JUnit4Provider.java:252)
	at org.apache.maven.surefire.junit4.JUnit4Provider.executeTestSet(JUnit4Provider.java:141)
	at org.apache.maven.surefire.junit4.JUnit4Provider.invoke(JUnit4Provider.java:112)
	at sun.reflect.NativeMethodAccessorImpl.invoke0(Native Method)
	at sun.reflect.NativeMethodAccessorImpl.invoke(NativeMethodAccessorImpl.java:62)
	at sun.reflect.DelegatingMethodAccessorImpl.invoke(DelegatingMethodAccessorImpl.java:43)
	at java.lang.reflect.Method.invoke(Method.java:498)
	at org.apache.maven.surefire.util.ReflectionUtils.invokeMethodWithArray(ReflectionUtils.java:189)
	at org.apache.maven.surefire.booter.ProviderFactory$ProviderProxy.invoke(ProviderFactory.java:165)
	at org.apache.maven.surefire.booter.ProviderFactory.invokeProvider(ProviderFactory.java:85)
	at org.apache.maven.surefire.booter.ForkedBooter.runSuitesInProcess(ForkedBooter.java:115)
	at org.apache.maven.surefire.booter.ForkedBooter.main(ForkedBooter.java:75)
Caused by: java.sql.SQLSyntaxErrorException: ORA-00942: 表或视图不存在

	at oracle.jdbc.driver.T4CTTIoer.processError(T4CTTIoer.java:450)
	at oracle.jdbc.driver.T4CTTIoer.processError(T4CTTIoer.java:392)
	at oracle.jdbc.driver.T4CTTIoer.processError(T4CTTIoer.java:385)
	at oracle.jdbc.driver.T4CTTIfun.processError(T4CTTIfun.java:1018)
	at oracle.jdbc.driver.T4CTTIfun.receive(T4CTTIfun.java:522)
	at oracle.jdbc.driver.T4CTTIfun.doRPC(T4CTTIfun.java:257)
	at oracle.jdbc.driver.T4C8Odscrarr.doODNY(T4C8Odscrarr.java:96)
	at oracle.jdbc.driver.T4CConnection.doDescribeTable(T4CConnection.java:4906)
	at oracle.jdbc.driver.PhysicalConnection.prepareStatement(PhysicalConnection.java:5702)
	at com.alibaba.druid.pool.DruidPooledConnection.prepareStatement(DruidPooledConnection.java:482)
	at sun.reflect.NativeMethodAccessorImpl.invoke0(Native Method)
	at sun.reflect.NativeMethodAccessorImpl.invoke(NativeMethodAccessorImpl.java:62)
	at sun.reflect.DelegatingMethodAccessorImpl.invoke(DelegatingMethodAccessorImpl.java:43)
	at java.lang.reflect.Method.invoke(Method.java:498)
	at org.apache.ibatis.logging.jdbc.ConnectionLogger.invoke(ConnectionLogger.java:54)
	at com.sun.proxy.$Proxy50.prepareStatement(Unknown Source)
	at org.apache.ibatis.executor.statement.PreparedStatementHandler.instantiateStatement(PreparedStatementHandler.java:70)
	at org.apache.ibatis.executor.statement.BaseStatementHandler.prepare(BaseStatementHandler.java:85)
	at org.apache.ibatis.executor.statement.RoutingStatementHandler.prepare(RoutingStatementHandler.java:57)
	at org.apache.ibatis.executor.SimpleExecutor.prepareStatement(SimpleExecutor.java:73)
	at org.apache.ibatis.executor.SimpleExecutor.doUpdate(SimpleExecutor.java:47)
	at org.apache.ibatis.executor.BaseExecutor.update(BaseExecutor.java:105)
	at org.apache.ibatis.executor.CachingExecutor.update(CachingExecutor.java:71)
	at sun.reflect.NativeMethodAccessorImpl.invoke0(Native Method)
	at sun.reflect.NativeMethodAccessorImpl.invoke(NativeMethodAccessorImpl.java:62)
	at sun.reflect.DelegatingMethodAccessorImpl.invoke(DelegatingMethodAccessorImpl.java:43)
	at java.lang.reflect.Method.invoke(Method.java:498)
	at org.apache.ibatis.plugin.Plugin.invoke(Plugin.java:62)
	at com.sun.proxy.$Proxy49.update(Unknown Source)
	at org.apache.ibatis.session.defaults.DefaultSqlSession.update(DefaultSqlSession.java:152)
	at org.apache.ibatis.session.defaults.DefaultSqlSession.insert(DefaultSqlSession.java:141)
	at sun.reflect.NativeMethodAccessorImpl.invoke0(Native Method)
	at sun.reflect.NativeMethodAccessorImpl.invoke(NativeMethodAccessorImpl.java:62)
	at sun.reflect.DelegatingMethodAccessorImpl.invoke(DelegatingMethodAccessorImpl.java:43)
	at java.lang.reflect.Method.invoke(Method.java:498)
	at org.mybatis.spring.SqlSessionTemplate$SqlSessionInterceptor.invoke(SqlSessionTemplate.java:358)
	... 41 more
</error>
    <system-out>DEBUG (org.springframework.test.annotation.ProfileValueUtils:70) - Retrieved @ProfileValueSourceConfiguration [null] for test class [com.jk.ndt.etl.dao.access.AccessMapperTest]
DEBUG (org.springframework.test.annotation.ProfileValueUtils:82) - Retrieved ProfileValueSource type [class org.springframework.test.annotation.SystemProfileValueSource] for class [com.jk.ndt.etl.dao.access.AccessMapperTest]
DEBUG (org.springframework.test.context.support.DependencyInjectionTestExecutionListener:80) - Performing dependency injection for test context [[DefaultTestContext@e146f93 testClass = AccessMapperTest, testInstance = com.jk.ndt.etl.dao.access.AccessMapperTest@2ff7a73, testMethod = [null], testException = [null], mergedContextConfiguration = [MergedContextConfiguration@7cdbaa50 testClass = AccessMapperTest, locations = &apos;{classpath*:spring*.xml}&apos;, classes = &apos;{}&apos;, contextInitializerClasses = &apos;[]&apos;, activeProfiles = &apos;{}&apos;, propertySourceLocations = &apos;{}&apos;, propertySourceProperties = &apos;{}&apos;, contextLoader = &apos;org.springframework.test.context.support.DelegatingSmartContextLoader&apos;, parent = [null]]]].
DEBUG (org.springframework.test.context.DefaultCacheAwareContextLoaderDelegate:96) - Retrieved ApplicationContext from cache with key [[MergedContextConfiguration@7cdbaa50 testClass = AccessMapperTest, locations = &apos;{classpath*:spring*.xml}&apos;, classes = &apos;{}&apos;, contextInitializerClasses = &apos;[]&apos;, activeProfiles = &apos;{}&apos;, propertySourceLocations = &apos;{}&apos;, propertySourceProperties = &apos;{}&apos;, contextLoader = &apos;org.springframework.test.context.support.DelegatingSmartContextLoader&apos;, parent = [null]]].
DEBUG (org.springframework.beans.factory.annotation.InjectionMetadata:85) - Processing injected method of bean &apos;com.jk.ndt.etl.dao.access.AccessMapperTest&apos;: AutowiredFieldElement for private com.jk.ndt.etl.dao.access.SheetInfoDao com.jk.ndt.etl.dao.access.AccessMapperTest.sheetInfoMapper
DEBUG (org.springframework.beans.factory.support.DefaultListableBeanFactory:247) - Returning cached instance of singleton bean &apos;sheetInfoDao&apos;
DEBUG (org.springframework.beans.factory.annotation.InjectionMetadata:85) - Processing injected method of bean &apos;com.jk.ndt.etl.dao.access.AccessMapperTest&apos;: AutowiredFieldElement for private com.jk.ndt.etl.service.access.SheetInfoService com.jk.ndt.etl.dao.access.AccessMapperTest.sheetInfoService
DEBUG (org.springframework.beans.factory.support.DefaultListableBeanFactory:247) - Returning cached instance of singleton bean &apos;sheetInfoService&apos;
DEBUG (org.springframework.beans.factory.annotation.InjectionMetadata:85) - Processing injected method of bean &apos;com.jk.ndt.etl.dao.access.AccessMapperTest&apos;: AutowiredFieldElement for private com.jk.ndt.etl.dao.access.UploadInfoDao com.jk.ndt.etl.dao.access.AccessMapperTest.uploadInfoMapper
DEBUG (org.springframework.beans.factory.support.DefaultListableBeanFactory:247) - Returning cached instance of singleton bean &apos;uploadInfoDao&apos;
DEBUG (org.springframework.beans.factory.annotation.InjectionMetadata:85) - Processing injected method of bean &apos;com.jk.ndt.etl.dao.access.AccessMapperTest&apos;: AutowiredFieldElement for private com.jk.ndt.etl.dao.access.SheetInfoDao com.jk.ndt.etl.dao.access.AccessMapperTest.sheetInfoMapper
DEBUG (org.springframework.beans.factory.support.DefaultListableBeanFactory:247) - Returning cached instance of singleton bean &apos;sheetInfoDao&apos;
DEBUG (org.springframework.beans.factory.annotation.InjectionMetadata:85) - Processing injected method of bean &apos;com.jk.ndt.etl.dao.access.AccessMapperTest&apos;: AutowiredFieldElement for private com.jk.ndt.etl.service.access.SheetInfoService com.jk.ndt.etl.dao.access.AccessMapperTest.sheetInfoService
DEBUG (org.springframework.beans.factory.support.DefaultListableBeanFactory:247) - Returning cached instance of singleton bean &apos;sheetInfoService&apos;
DEBUG (org.springframework.beans.factory.annotation.InjectionMetadata:85) - Processing injected method of bean &apos;com.jk.ndt.etl.dao.access.AccessMapperTest&apos;: AutowiredFieldElement for private com.jk.ndt.etl.dao.access.UploadInfoDao com.jk.ndt.etl.dao.access.AccessMapperTest.uploadInfoMapper
DEBUG (org.springframework.beans.factory.support.DefaultListableBeanFactory:247) - Returning cached instance of singleton bean &apos;uploadInfoDao&apos;
Creating a new SqlSession
SqlSession [org.apache.ibatis.session.defaults.DefaultSqlSession@38830ea] was not registered for synchronization because synchronization is not active
DEBUG (org.springframework.jdbc.datasource.DataSourceUtils:110) - Fetching JDBC Connection from DataSource
JDBC Connection [oracle.jdbc.driver.T4CConnection@412c995d] will not be managed by Spring
==&gt;  Preparing: insert into ETL_UPLOADS ( fileName, status, upload_date ) values ( ?, ?, ? ) 
Closing non transactional SqlSession [org.apache.ibatis.session.defaults.DefaultSqlSession@38830ea]
DEBUG (org.springframework.jdbc.datasource.DataSourceUtils:327) - Returning JDBC Connection to DataSource
DEBUG (org.springframework.jdbc.support.SQLErrorCodesFactory:199) - Looking up default SQLErrorCodes for DataSource [{
	CreateTime:&quot;2017-06-07 11:10:27&quot;,
	ActiveCount:0,
	PoolingCount:3,
	CreateCount:3,
	DestroyCount:0,
	CloseCount:4,
	ConnectCount:4,
	Connections:[
		{ID:1816468636, ConnectTime:&quot;2017-06-07 11:10:28&quot;, UseCount:0, LastActiveTime:&quot;2017-06-07 11:10:28&quot;},
		{ID:817490653, ConnectTime:&quot;2017-06-07 11:10:28&quot;, UseCount:0, LastActiveTime:&quot;2017-06-07 11:10:28&quot;},
		{ID:1093441885, ConnectTime:&quot;2017-06-07 11:10:28&quot;, UseCount:4, LastActiveTime:&quot;2017-06-07 11:10:32&quot;}
	]
}

[
	{
	ID:1816468636, 
	poolStatements:[
		]
	},
	{
	ID:817490653, 
	poolStatements:[
		]
	},
	{
	ID:1093441885, 
	poolStatements:[
		]
	}
]]
DEBUG (org.springframework.jdbc.support.SQLErrorCodesFactory:207) - SQLErrorCodes found in cache for DataSource [com.alibaba.druid.pool.DruidDataSource@3249a1ce]
DEBUG (org.springframework.jdbc.support.SQLErrorCodeSQLExceptionTranslator:397) - Translating SQLException with SQL state &apos;42000&apos;, error code &apos;942&apos;, message [ORA-00942: �����ͼ������
]; SQL was [] for task [
### Error updating database.  Cause: java.sql.SQLSyntaxErrorException: ORA-00942: �����ͼ������

### SQL: insert into ETL_UPLOADS              ( fileName,                         status,                 upload_date )     values ( ?,                         ?,                 ? )
### Cause: java.sql.SQLSyntaxErrorException: ORA-00942: �����ͼ������

]
DEBUG (org.springframework.test.context.support.DirtiesContextTestExecutionListener:85) - After test method: context [DefaultTestContext@e146f93 testClass = AccessMapperTest, testInstance = com.jk.ndt.etl.dao.access.AccessMapperTest@2ff7a73, testMethod = testInsert@AccessMapperTest, testException = org.springframework.jdbc.BadSqlGrammarException: 
### Error updating database.  Cause: java.sql.SQLSyntaxErrorException: ORA-00942: �����ͼ������

### SQL: insert into ETL_UPLOADS              ( fileName,                         status,                 upload_date )     values ( ?,                         ?,                 ? )
### Cause: java.sql.SQLSyntaxErrorException: ORA-00942: �����ͼ������

; bad SQL grammar []; nested exception is java.sql.SQLSyntaxErrorException: ORA-00942: �����ͼ������
, mergedContextConfiguration = [MergedContextConfiguration@7cdbaa50 testClass = AccessMapperTest, locations = &apos;{classpath*:spring*.xml}&apos;, classes = &apos;{}&apos;, contextInitializerClasses = &apos;[]&apos;, activeProfiles = &apos;{}&apos;, propertySourceLocations = &apos;{}&apos;, propertySourceProperties = &apos;{}&apos;, contextLoader = &apos;org.springframework.test.context.support.DelegatingSmartContextLoader&apos;, parent = [null]]], class dirties context [false], class mode [null], method dirties context [false].
</system-out>
  </testcase>
</testsuite>