<?xml version="1.0" encoding="UTF-8" ?>
<testsuite tests="2" failures="0" name="com.jk.ndt.etl.controller.AdminTest" time="0.231" errors="2" skipped="0">
  <properties>
[...]
</properties>
  <testcase classname="com.jk.ndt.etl.controller.AdminTest" name="getName" time="0.228">
    <error message="
### Error querying database.  Cause: java.sql.SQLSyntaxErrorException: ORA-00942: 表或视图不存在

### The error may exist in com/jk/ndt/etl/dao/system/AdminDao.xml
### The error may involve com.jk.ndt.etl.dao.system.AdminDao.getByName-Inline
### The error occurred while setting parameters
### SQL: SELECT  a.id,a.name,a.password,a.is_active,r.id role_id,r.name role_name,r.permissions from etl_admin a            LEFT JOIN  etl_roles r ON  r.id IN (             SELECT role_id FROM  etl_admin_role where admin_id=a.id            )            where a.name=? AND r.is_active=1
### Cause: java.sql.SQLSyntaxErrorException: ORA-00942: 表或视图不存在

; bad SQL grammar []; nested exception is java.sql.SQLSyntaxErrorException: ORA-00942: 表或视图不存在
" type="org.springframework.jdbc.BadSqlGrammarException">org.springframework.jdbc.BadSqlGrammarException: 
### Error querying database.  Cause: java.sql.SQLSyntaxErrorException: ORA-00942: 表或视图不存在

### The error may exist in com/jk/ndt/etl/dao/system/AdminDao.xml
### The error may involve com.jk.ndt.etl.dao.system.AdminDao.getByName-Inline
### The error occurred while setting parameters
### SQL: SELECT  a.id,a.name,a.password,a.is_active,r.id role_id,r.name role_name,r.permissions from etl_admin a            LEFT JOIN  etl_roles r ON  r.id IN (             SELECT role_id FROM  etl_admin_role where admin_id=a.id            )            where a.name=? AND r.is_active=1
### Cause: java.sql.SQLSyntaxErrorException: ORA-00942: 表或视图不存在

; bad SQL grammar []; nested exception is java.sql.SQLSyntaxErrorException: ORA-00942: 表或视图不存在

	at org.springframework.jdbc.support.SQLErrorCodeSQLExceptionTranslator.doTranslate(SQLErrorCodeSQLExceptionTranslator.java:231)
	at org.springframework.jdbc.support.AbstractFallbackSQLExceptionTranslator.translate(AbstractFallbackSQLExceptionTranslator.java:73)
	at org.mybatis.spring.MyBatisExceptionTranslator.translateExceptionIfPossible(MyBatisExceptionTranslator.java:73)
	at org.mybatis.spring.SqlSessionTemplate$SqlSessionInterceptor.invoke(SqlSessionTemplate.java:371)
	at com.sun.proxy.$Proxy25.selectOne(Unknown Source)
	at org.mybatis.spring.SqlSessionTemplate.selectOne(SqlSessionTemplate.java:163)
	at org.apache.ibatis.binding.MapperMethod.execute(MapperMethod.java:68)
	at org.apache.ibatis.binding.MapperProxy.invoke(MapperProxy.java:52)
	at com.sun.proxy.$Proxy27.getByName(Unknown Source)
	at com.jk.ndt.etl.service.system.impl.AdminServiceImpl.getByName(AdminServiceImpl.java:27)
	at com.jk.ndt.etl.service.system.impl.AdminServiceImpl$$FastClassBySpringCGLIB$$a811f92f.invoke(&lt;generated&gt;)
	at org.springframework.cglib.proxy.MethodProxy.invoke(MethodProxy.java:204)
	at org.springframework.aop.framework.CglibAopProxy$CglibMethodInvocation.invokeJoinpoint(CglibAopProxy.java:717)
	at org.springframework.aop.framework.ReflectiveMethodInvocation.proceed(ReflectiveMethodInvocation.java:157)
	at org.springframework.transaction.interceptor.TransactionInterceptor$1.proceedWithInvocation(TransactionInterceptor.java:98)
	at org.springframework.transaction.interceptor.TransactionAspectSupport.invokeWithinTransaction(TransactionAspectSupport.java:266)
	at org.springframework.transaction.interceptor.TransactionInterceptor.invoke(TransactionInterceptor.java:95)
	at org.springframework.aop.framework.ReflectiveMethodInvocation.proceed(ReflectiveMethodInvocation.java:179)
	at org.springframework.aop.interceptor.ExposeInvocationInterceptor.invoke(ExposeInvocationInterceptor.java:92)
	at org.springframework.aop.framework.ReflectiveMethodInvocation.proceed(ReflectiveMethodInvocation.java:179)
	at org.springframework.aop.framework.CglibAopProxy$DynamicAdvisedInterceptor.intercept(CglibAopProxy.java:653)
	at com.jk.ndt.etl.service.system.impl.AdminServiceImpl$$EnhancerBySpringCGLIB$$b5c848ca.getByName(&lt;generated&gt;)
	at com.jk.ndt.etl.controller.AdminTest.getName(AdminTest.java:31)
	at sun.reflect.NativeMethodAccessorImpl.invoke0(Native Method)
	at sun.reflect.NativeMethodAccessorImpl.invoke(NativeMethodAccessorImpl.java:62)
	at sun.reflect.DelegatingMethodAccessorImpl.invoke(DelegatingMethodAccessorImpl.java:43)
	at java.lang.reflect.Method.invoke(Method.java:498)
	at org.junit.runners.model.FrameworkMethod$1.runReflectiveCall(FrameworkMethod.java:50)
	at org.junit.internal.runners.model.ReflectiveCallable.run(ReflectiveCallable.java:12)
	at org.junit.runners.model.FrameworkMethod.invokeExplosively(FrameworkMethod.java:47)
	at org.junit.internal.runners.statements.InvokeMethod.evaluate(InvokeMethod.java:17)
	at org.springframework.test.context.junit4.statements.RunBeforeTestMethodCallbacks.evaluate(RunBeforeTestMethodCallbacks.java:72)
	at org.springframework.test.context.junit4.statements.RunAfterTestMethodCallbacks.evaluate(RunAfterTestMethodCallbacks.java:81)
	at org.springframework.test.context.junit4.statements.SpringRepeat.evaluate(SpringRepeat.java:72)
	at org.junit.runners.ParentRunner.runLeaf(ParentRunner.java:325)
	at org.springframework.test.context.junit4.SpringJUnit4ClassRunner.runChild(SpringJUnit4ClassRunner.java:216)
	at org.springframework.test.context.junit4.SpringJUnit4ClassRunner.runChild(SpringJUnit4ClassRunner.java:82)
	at org.junit.runners.ParentRunner$3.run(ParentRunner.java:290)
	at org.junit.runners.ParentRunner$1.schedule(ParentRunner.java:71)
	at org.junit.runners.ParentRunner.runChildren(ParentRunner.java:288)
	at org.junit.runners.ParentRunner.access$000(ParentRunner.java:58)
	at org.junit.runners.ParentRunner$2.evaluate(ParentRunner.java:268)
	at org.springframework.test.context.junit4.statements.RunBeforeTestClassCallbacks.evaluate(RunBeforeTestClassCallbacks.java:60)
	at org.springframework.test.context.junit4.statements.RunAfterTestClassCallbacks.evaluate(RunAfterTestClassCallbacks.java:67)
	at org.junit.runners.ParentRunner.run(ParentRunner.java:363)
	at org.springframework.test.context.junit4.SpringJUnit4ClassRunner.run(SpringJUnit4ClassRunner.java:162)
	at org.apache.maven.surefire.junit4.JUnit4Provider.execute(JUnit4Provider.java:252)
	at org.apache.maven.surefire.junit4.JUnit4Provider.executeTestSet(JUnit4Provider.java:141)
	at org.apache.maven.surefire.junit4.JUnit4Provider.invoke(JUnit4Provider.java:112)
	at sun.reflect.NativeMethodAccessorImpl.invoke0(Native Method)
	at sun.reflect.NativeMethodAccessorImpl.invoke(NativeMethodAccessorImpl.java:62)
	at sun.reflect.DelegatingMethodAccessorImpl.invoke(DelegatingMethodAccessorImpl.java:43)
	at java.lang.reflect.Method.invoke(Method.java:498)
	at org.apache.maven.surefire.util.ReflectionUtils.invokeMethodWithArray(ReflectionUtils.java:189)
	at org.apache.maven.surefire.booter.ProviderFactory$ProviderProxy.invoke(ProviderFactory.java:165)
	at org.apache.maven.surefire.booter.ProviderFactory.invokeProvider(ProviderFactory.java:85)
	at org.apache.maven.surefire.booter.ForkedBooter.runSuitesInProcess(ForkedBooter.java:115)
	at org.apache.maven.surefire.booter.ForkedBooter.main(ForkedBooter.java:75)
Caused by: java.sql.SQLSyntaxErrorException: ORA-00942: 表或视图不存在

	at oracle.jdbc.driver.T4CTTIoer.processError(T4CTTIoer.java:450)
	at oracle.jdbc.driver.T4CTTIoer.processError(T4CTTIoer.java:399)
	at oracle.jdbc.driver.T4C8Oall.processError(T4C8Oall.java:1059)
	at oracle.jdbc.driver.T4CTTIfun.receive(T4CTTIfun.java:522)
	at oracle.jdbc.driver.T4CTTIfun.doRPC(T4CTTIfun.java:257)
	at oracle.jdbc.driver.T4C8Oall.doOALL(T4C8Oall.java:587)
	at oracle.jdbc.driver.T4CPreparedStatement.doOall8(T4CPreparedStatement.java:225)
	at oracle.jdbc.driver.T4CPreparedStatement.doOall8(T4CPreparedStatement.java:53)
	at oracle.jdbc.driver.T4CPreparedStatement.executeForDescribe(T4CPreparedStatement.java:774)
	at oracle.jdbc.driver.OracleStatement.executeMaybeDescribe(OracleStatement.java:925)
	at oracle.jdbc.driver.OracleStatement.doExecuteWithTimeout(OracleStatement.java:1111)
	at oracle.jdbc.driver.OraclePreparedStatement.executeInternal(OraclePreparedStatement.java:4798)
	at oracle.jdbc.driver.OraclePreparedStatement.execute(OraclePreparedStatement.java:4901)
	at oracle.jdbc.driver.OraclePreparedStatementWrapper.execute(OraclePreparedStatementWrapper.java:1385)
	at com.alibaba.druid.pool.DruidPooledPreparedStatement.execute(DruidPooledPreparedStatement.java:493)
	at sun.reflect.NativeMethodAccessorImpl.invoke0(Native Method)
	at sun.reflect.NativeMethodAccessorImpl.invoke(NativeMethodAccessorImpl.java:62)
	at sun.reflect.DelegatingMethodAccessorImpl.invoke(DelegatingMethodAccessorImpl.java:43)
	at java.lang.reflect.Method.invoke(Method.java:498)
	at org.apache.ibatis.logging.jdbc.PreparedStatementLogger.invoke(PreparedStatementLogger.java:62)
	at com.sun.proxy.$Proxy51.execute(Unknown Source)
	at org.apache.ibatis.executor.statement.PreparedStatementHandler.query(PreparedStatementHandler.java:59)
	at org.apache.ibatis.executor.statement.RoutingStatementHandler.query(RoutingStatementHandler.java:73)
	at org.apache.ibatis.executor.SimpleExecutor.doQuery(SimpleExecutor.java:60)
	at org.apache.ibatis.executor.BaseExecutor.queryFromDatabase(BaseExecutor.java:267)
	at org.apache.ibatis.executor.BaseExecutor.query(BaseExecutor.java:137)
	at org.apache.ibatis.executor.CachingExecutor.query(CachingExecutor.java:96)
	at org.apache.ibatis.executor.CachingExecutor.query(CachingExecutor.java:77)
	at sun.reflect.NativeMethodAccessorImpl.invoke0(Native Method)
	at sun.reflect.NativeMethodAccessorImpl.invoke(NativeMethodAccessorImpl.java:62)
	at sun.reflect.DelegatingMethodAccessorImpl.invoke(DelegatingMethodAccessorImpl.java:43)
	at java.lang.reflect.Method.invoke(Method.java:498)
	at org.apache.ibatis.plugin.Invocation.proceed(Invocation.java:49)
	at com.github.pagehelper.PageHelper.intercept(PageHelper.java:135)
	at org.apache.ibatis.plugin.Plugin.invoke(Plugin.java:60)
	at com.sun.proxy.$Proxy49.query(Unknown Source)
	at org.apache.ibatis.session.defaults.DefaultSqlSession.selectList(DefaultSqlSession.java:108)
	at org.apache.ibatis.session.defaults.DefaultSqlSession.selectList(DefaultSqlSession.java:102)
	at org.apache.ibatis.session.defaults.DefaultSqlSession.selectOne(DefaultSqlSession.java:66)
	at sun.reflect.NativeMethodAccessorImpl.invoke0(Native Method)
	at sun.reflect.NativeMethodAccessorImpl.invoke(NativeMethodAccessorImpl.java:62)
	at sun.reflect.DelegatingMethodAccessorImpl.invoke(DelegatingMethodAccessorImpl.java:43)
	at java.lang.reflect.Method.invoke(Method.java:498)
	at org.mybatis.spring.SqlSessionTemplate$SqlSessionInterceptor.invoke(SqlSessionTemplate.java:358)
	... 54 more
</error>
    <system-out>DEBUG (org.springframework.test.context.junit4.SpringJUnit4ClassRunner:112) - SpringJUnit4ClassRunner constructor called with [class com.jk.ndt.etl.controller.AdminTest].
DEBUG (org.springframework.test.context.BootstrapUtils:77) - Instantiating TestContextBootstrapper from class [org.springframework.test.context.support.DefaultTestContextBootstrapper]
DEBUG (org.springframework.test.context.support.AbstractDelegatingSmartContextLoader:96) - Delegating to GenericXmlContextLoader to process context configuration [ContextConfigurationAttributes@d8355a8 declaringClass = &apos;com.jk.ndt.etl.SpringTest&apos;, classes = &apos;{}&apos;, locations = &apos;{classpath*:spring*.xml}&apos;, inheritLocations = true, initializers = &apos;{}&apos;, inheritInitializers = true, name = [null], contextLoaderClass = &apos;org.springframework.test.context.ContextLoader&apos;].
DEBUG (org.springframework.test.context.support.ActiveProfilesUtils:82) - Could not find an &apos;annotation declaring class&apos; for annotation type [org.springframework.test.context.ActiveProfiles] and class [com.jk.ndt.etl.controller.AdminTest]
DEBUG (org.springframework.test.context.support.DefaultTestContextBootstrapper:112) - @TestExecutionListeners is not present for class [com.jk.ndt.etl.controller.AdminTest]: using defaults.
 INFO (org.springframework.test.context.support.DefaultTestContextBootstrapper:255) - Loaded default TestExecutionListener class names from location [META-INF/spring.factories]: [org.springframework.test.context.web.ServletTestExecutionListener, org.springframework.test.context.support.DependencyInjectionTestExecutionListener, org.springframework.test.context.support.DirtiesContextTestExecutionListener, org.springframework.test.context.transaction.TransactionalTestExecutionListener, org.springframework.test.context.jdbc.SqlScriptsTestExecutionListener]
 INFO (org.springframework.test.context.support.DefaultTestContextBootstrapper:181) - Using TestExecutionListeners: [org.springframework.test.context.web.ServletTestExecutionListener@3327bd23, org.springframework.test.context.support.DependencyInjectionTestExecutionListener@4e1d422d, org.springframework.test.context.support.DirtiesContextTestExecutionListener@66480dd7, org.springframework.test.context.transaction.TransactionalTestExecutionListener@52a86356, org.springframework.test.context.jdbc.SqlScriptsTestExecutionListener@5ce81285]
DEBUG (org.springframework.test.annotation.ProfileValueUtils:70) - Retrieved @ProfileValueSourceConfiguration [null] for test class [com.jk.ndt.etl.controller.AdminTest]
DEBUG (org.springframework.test.annotation.ProfileValueUtils:82) - Retrieved ProfileValueSource type [class org.springframework.test.annotation.SystemProfileValueSource] for class [com.jk.ndt.etl.controller.AdminTest]
DEBUG (org.springframework.test.annotation.ProfileValueUtils:70) - Retrieved @ProfileValueSourceConfiguration [null] for test class [com.jk.ndt.etl.controller.AdminTest]
DEBUG (org.springframework.test.annotation.ProfileValueUtils:82) - Retrieved ProfileValueSource type [class org.springframework.test.annotation.SystemProfileValueSource] for class [com.jk.ndt.etl.controller.AdminTest]
DEBUG (org.springframework.test.annotation.ProfileValueUtils:70) - Retrieved @ProfileValueSourceConfiguration [null] for test class [com.jk.ndt.etl.controller.AdminTest]
DEBUG (org.springframework.test.annotation.ProfileValueUtils:82) - Retrieved ProfileValueSource type [class org.springframework.test.annotation.SystemProfileValueSource] for class [com.jk.ndt.etl.controller.AdminTest]
DEBUG (org.springframework.test.context.support.DependencyInjectionTestExecutionListener:80) - Performing dependency injection for test context [[DefaultTestContext@eec5a4a testClass = AdminTest, testInstance = com.jk.ndt.etl.controller.AdminTest@2b2948e2, testMethod = [null], testException = [null], mergedContextConfiguration = [MergedContextConfiguration@6ddf90b0 testClass = AdminTest, locations = &apos;{classpath*:spring*.xml}&apos;, classes = &apos;{}&apos;, contextInitializerClasses = &apos;[]&apos;, activeProfiles = &apos;{}&apos;, propertySourceLocations = &apos;{}&apos;, propertySourceProperties = &apos;{}&apos;, contextLoader = &apos;org.springframework.test.context.support.DelegatingSmartContextLoader&apos;, parent = [null]]]].
DEBUG (org.springframework.test.context.support.AbstractDelegatingSmartContextLoader:106) - Delegating to GenericXmlContextLoader to load context from [MergedContextConfiguration@6ddf90b0 testClass = AdminTest, locations = &apos;{classpath*:spring*.xml}&apos;, classes = &apos;{}&apos;, contextInitializerClasses = &apos;[]&apos;, activeProfiles = &apos;{}&apos;, propertySourceLocations = &apos;{}&apos;, propertySourceProperties = &apos;{}&apos;, contextLoader = &apos;org.springframework.test.context.support.DelegatingSmartContextLoader&apos;, parent = [null]].
DEBUG (org.springframework.test.context.support.AbstractGenericContextLoader:107) - Loading ApplicationContext for merged context configuration [[MergedContextConfiguration@6ddf90b0 testClass = AdminTest, locations = &apos;{classpath*:spring*.xml}&apos;, classes = &apos;{}&apos;, contextInitializerClasses = &apos;[]&apos;, activeProfiles = &apos;{}&apos;, propertySourceLocations = &apos;{}&apos;, propertySourceProperties = &apos;{}&apos;, contextLoader = &apos;org.springframework.test.context.support.DelegatingSmartContextLoader&apos;, parent = [null]]].
DEBUG (org.springframework.core.env.StandardEnvironment:111) - Adding [systemProperties] PropertySource with lowest search precedence
DEBUG (org.springframework.core.env.StandardEnvironment:111) - Adding [systemEnvironment] PropertySource with lowest search precedence
DEBUG (org.springframework.core.env.StandardEnvironment:126) - Initialized StandardEnvironment with PropertySources [systemProperties,systemEnvironment]
DEBUG (org.springframework.core.io.support.PathMatchingResourcePatternResolver:610) - Looking for matching resources in directory tree [F:\working\code\ndt-etl\target\test-classes]
DEBUG (org.springframework.core.io.support.PathMatchingResourcePatternResolver:672) - Searching directory [F:\working\code\ndt-etl\target\test-classes] for files matching pattern [F:/working/code/ndt-etl/target/test-classes/spring*.xml]
DEBUG (org.springframework.core.io.support.PathMatchingResourcePatternResolver:610) - Looking for matching resources in directory tree [F:\working\code\ndt-etl\target\classes]
DEBUG (org.springframework.core.io.support.PathMatchingResourcePatternResolver:672) - Searching directory [F:\working\code\ndt-etl\target\classes] for files matching pattern [F:/working/code/ndt-etl/target/classes/spring*.xml]
DEBUG (org.springframework.core.io.support.PathMatchingResourcePatternResolver:524) - Looking for matching resources in jar file [file:/F:/working/code/ndt-etl/target/surefire/surefirebooter576458419204205464.jar]
DEBUG (org.springframework.core.io.support.PathMatchingResourcePatternResolver:524) - Looking for matching resources in jar file [file:/E:/Program%20Files/Java/jdk1.8.0_131/jre/lib/ext/access-bridge-64.jar]
DEBUG (org.springframework.core.io.support.PathMatchingResourcePatternResolver:524) - Looking for matching resources in jar file [file:/E:/Program%20Files/Java/jdk1.8.0_131/jre/lib/ext/cldrdata.jar]
DEBUG (org.springframework.core.io.support.PathMatchingResourcePatternResolver:524) - Looking for matching resources in jar file [file:/E:/Program%20Files/Java/jdk1.8.0_131/jre/lib/ext/dnsns.jar]
DEBUG (org.springframework.core.io.support.PathMatchingResourcePatternResolver:524) - Looking for matching resources in jar file [file:/E:/Program%20Files/Java/jdk1.8.0_131/jre/lib/ext/jaccess.jar]
DEBUG (org.springframework.core.io.support.PathMatchingResourcePatternResolver:524) - Looking for matching resources in jar file [file:/E:/Program%20Files/Java/jdk1.8.0_131/jre/lib/ext/jfxrt.jar]
DEBUG (org.springframework.core.io.support.PathMatchingResourcePatternResolver:524) - Looking for matching resources in jar file [file:/E:/Program%20Files/Java/jdk1.8.0_131/jre/lib/ext/localedata.jar]
DEBUG (org.springframework.core.io.support.PathMatchingResourcePatternResolver:524) - Looking for matching resources in jar file [file:/E:/Program%20Files/Java/jdk1.8.0_131/jre/lib/ext/nashorn.jar]
DEBUG (org.springframework.core.io.support.PathMatchingResourcePatternResolver:524) - Looking for matching resources in jar file [file:/E:/Program%20Files/Java/jdk1.8.0_131/jre/lib/ext/sunec.jar]
DEBUG (org.springframework.core.io.support.PathMatchingResourcePatternResolver:524) - Looking for matching resources in jar file [file:/E:/Program%20Files/Java/jdk1.8.0_131/jre/lib/ext/sunjce_provider.jar]
DEBUG (org.springframework.core.io.support.PathMatchingResourcePatternResolver:524) - Looking for matching resources in jar file [file:/E:/Program%20Files/Java/jdk1.8.0_131/jre/lib/ext/sunmscapi.jar]
DEBUG (org.springframework.core.io.support.PathMatchingResourcePatternResolver:524) - Looking for matching resources in jar file [file:/E:/Program%20Files/Java/jdk1.8.0_131/jre/lib/ext/sunpkcs11.jar]
DEBUG (org.springframework.core.io.support.PathMatchingResourcePatternResolver:524) - Looking for matching resources in jar file [file:/E:/Program%20Files/Java/jdk1.8.0_131/jre/lib/ext/zipfs.jar]
DEBUG (org.springframework.core.io.support.PathMatchingResourcePatternResolver:411) - Resolved location pattern [classpath*:spring*.xml] to resources [file [F:\working\code\ndt-etl\target\classes\spring-mvc.xml], file [F:\working\code\ndt-etl\target\classes\spring.xml]]
 INFO (org.springframework.beans.factory.xml.XmlBeanDefinitionReader:316) - Loading XML bean definitions from file [F:\working\code\ndt-etl\target\classes\spring-mvc.xml]
DEBUG (org.springframework.beans.factory.xml.DefaultDocumentLoader:73) - Using JAXP provider [com.sun.org.apache.xerces.internal.jaxp.DocumentBuilderFactoryImpl]
DEBUG (org.springframework.beans.factory.xml.PluggableSchemaResolver:141) - Loading schema mappings from [META-INF/spring.schemas]
DEBUG (org.springframework.beans.factory.xml.PluggableSchemaResolver:147) - Loaded schema mappings: {http://www.springframework.org/schema/tx/spring-tx-2.5.xsd=org/springframework/transaction/config/spring-tx-2.5.xsd, http://www.springframework.org/schema/aop/spring-aop-4.1.xsd=org/springframework/aop/config/spring-aop-4.1.xsd, http://www.springframework.org/schema/context/spring-context-3.1.xsd=org/springframework/context/config/spring-context-3.1.xsd, http://www.springframework.org/schema/jdbc/spring-jdbc-4.1.xsd=org/springframework/jdbc/config/spring-jdbc-4.1.xsd, http://www.springframework.org/schema/mvc/spring-mvc-4.1.xsd=org/springframework/web/servlet/config/spring-mvc-4.1.xsd, http://www.springframework.org/schema/util/spring-util-3.0.xsd=org/springframework/beans/factory/xml/spring-util-3.0.xsd, http://mybatis.org/schema/mybatis-spring-1.2.xsd=org/mybatis/spring/config/mybatis-spring-1.2.xsd, http://www.springframework.org/schema/tool/spring-tool.xsd=org/springframework/beans/factory/xml/spring-tool-4.1.xsd, http://www.springframework.org/schema/aop/spring-aop-3.2.xsd=org/springframework/aop/config/spring-aop-3.2.xsd, http://www.springframework.org/schema/lang/spring-lang-4.1.xsd=org/springframework/scripting/config/spring-lang-4.1.xsd, http://www.springframework.org/schema/context/spring-context-4.0.xsd=org/springframework/context/config/spring-context-4.0.xsd, http://www.springframework.org/schema/mvc/spring-mvc-3.2.xsd=org/springframework/web/servlet/config/spring-mvc-3.2.xsd, http://www.springframework.org/schema/tool/spring-tool-4.1.xsd=org/springframework/beans/factory/xml/spring-tool-4.1.xsd, http://www.springframework.org/schema/lang/spring-lang-3.2.xsd=org/springframework/scripting/config/spring-lang-3.2.xsd, http://www.springframework.org/schema/cache/spring-cache-3.2.xsd=org/springframework/cache/config/spring-cache-3.2.xsd, http://www.springframework.org/schema/jee/spring-jee-4.1.xsd=org/springframework/ejb/config/spring-jee-4.1.xsd, http://www.springframework.org/schema/jdbc/spring-jdbc-3.1.xsd=org/springframework/jdbc/config/spring-jdbc-3.1.xsd, http://www.springframework.org/schema/util/spring-util-2.0.xsd=org/springframework/beans/factory/xml/spring-util-2.0.xsd, http://www.springframework.org/schema/tool/spring-tool-3.2.xsd=org/springframework/beans/factory/xml/spring-tool-3.2.xsd, http://www.springframework.org/schema/context/spring-context.xsd=org/springframework/context/config/spring-context-4.1.xsd, http://www.springframework.org/schema/cache/spring-cache-4.1.xsd=org/springframework/cache/config/spring-cache-4.1.xsd, http://www.springframework.org/schema/aop/spring-aop-4.0.xsd=org/springframework/aop/config/spring-aop-4.0.xsd, http://www.springframework.org/schema/jee/spring-jee-3.2.xsd=org/springframework/ejb/config/spring-jee-3.2.xsd, http://www.springframework.org/schema/context/spring-context-3.0.xsd=org/springframework/context/config/spring-context-3.0.xsd, http://www.springframework.org/schema/jdbc/spring-jdbc-4.0.xsd=org/springframework/jdbc/config/spring-jdbc-4.0.xsd, http://www.springframework.org/schema/mvc/spring-mvc-4.0.xsd=org/springframework/web/servlet/config/spring-mvc-4.0.xsd, http://www.springframework.org/schema/util/spring-util-2.5.xsd=org/springframework/beans/factory/xml/spring-util-2.5.xsd, http://www.springframework.org/schema/beans/spring-beans-3.2.xsd=org/springframework/beans/factory/xml/spring-beans-3.2.xsd, http://www.springframework.org/schema/aop/spring-aop-3.1.xsd=org/springframework/aop/config/spring-aop-3.1.xsd, http://www.springframework.org/schema/lang/spring-lang-4.0.xsd=org/springframework/scripting/config/spring-lang-4.0.xsd, http://www.springframework.org/schema/mvc/spring-mvc.xsd=org/springframework/web/servlet/config/spring-mvc-4.1.xsd, http://www.springframework.org/schema/mvc/spring-mvc-3.1.xsd=org/springframework/web/servlet/config/spring-mvc-3.1.xsd, http://www.springframework.org/schema/beans/spring-beans-4.1.xsd=org/springframework/beans/factory/xml/spring-beans-4.1.xsd, http://www.springframework.org/schema/tool/spring-tool-4.0.xsd=org/springframework/beans/factory/xml/spring-tool-4.0.xsd, http://www.springframework.org/schema/tx/spring-tx-3.2.xsd=org/springframework/transaction/config/spring-tx-3.2.xsd, http://www.springframework.org/schema/lang/spring-lang-3.1.xsd=org/springframework/scripting/config/spring-lang-3.1.xsd, http://www.springframework.org/schema/cache/spring-cache-3.1.xsd=org/springframework/cache/config/spring-cache-3.1.xsd, http://www.springframework.org/schema/jee/spring-jee-4.0.xsd=org/springframework/ejb/config/spring-jee-4.0.xsd, http://www.springframework.org/schema/jdbc/spring-jdbc-3.0.xsd=org/springframework/jdbc/config/spring-jdbc-3.0.xsd, http://www.springframework.org/schema/task/spring-task-4.1.xsd=org/springframework/scheduling/config/spring-task-4.1.xsd, http://www.springframework.org/schema/jdbc/spring-jdbc.xsd=org/springframework/jdbc/config/spring-jdbc-4.1.xsd, http://www.springframework.org/schema/tool/spring-tool-3.1.xsd=org/springframework/beans/factory/xml/spring-tool-3.1.xsd, http://www.springframework.org/schema/tx/spring-tx-4.1.xsd=org/springframework/transaction/config/spring-tx-4.1.xsd, http://www.springframework.org/schema/cache/spring-cache-4.0.xsd=org/springframework/cache/config/spring-cache-4.0.xsd, http://www.springframework.org/schema/jee/spring-jee-3.1.xsd=org/springframework/ejb/config/spring-jee-3.1.xsd, http://www.springframework.org/schema/task/spring-task-3.2.xsd=org/springframework/scheduling/config/spring-task-3.2.xsd, http://www.springframework.org/schema/beans/spring-beans-3.1.xsd=org/springframework/beans/factory/xml/spring-beans-3.1.xsd, http://www.springframework.org/schema/util/spring-util.xsd=org/springframework/beans/factory/xml/spring-util-4.1.xsd, http://www.springframework.org/schema/aop/spring-aop-3.0.xsd=org/springframework/aop/config/spring-aop-3.0.xsd, http://www.springframework.org/schema/mvc/spring-mvc-3.0.xsd=org/springframework/web/servlet/config/spring-mvc-3.0.xsd, http://www.springframework.org/schema/beans/spring-beans-4.0.xsd=org/springframework/beans/factory/xml/spring-beans-4.0.xsd, http://www.springframework.org/schema/beans/spring-beans.xsd=org/springframework/beans/factory/xml/spring-beans-4.1.xsd, http://mybatis.org/schema/mybatis-spring.xsd=org/mybatis/spring/config/mybatis-spring-1.2.xsd, http://www.springframework.org/schema/tx/spring-tx-3.1.xsd=org/springframework/transaction/config/spring-tx-3.1.xsd, http://www.springframework.org/schema/lang/spring-lang-3.0.xsd=org/springframework/scripting/config/spring-lang-3.0.xsd, http://www.springframework.org/schema/context/spring-context-2.5.xsd=org/springframework/context/config/spring-context-2.5.xsd, http://www.springframework.org/schema/task/spring-task-4.0.xsd=org/springframework/scheduling/config/spring-task-4.0.xsd, http://www.springframework.org/schema/tool/spring-tool-3.0.xsd=org/springframework/beans/factory/xml/spring-tool-3.0.xsd, http://www.springframework.org/schema/tx/spring-tx-4.0.xsd=org/springframework/transaction/config/spring-tx-4.0.xsd, http://www.springframework.org/schema/aop/spring-aop-2.0.xsd=org/springframework/aop/config/spring-aop-2.0.xsd, http://www.springframework.org/schema/jee/spring-jee-3.0.xsd=org/springframework/ejb/config/spring-jee-3.0.xsd, http://www.springframework.org/schema/util/spring-util-4.1.xsd=org/springframework/beans/factory/xml/spring-util-4.1.xsd, http://www.springframework.org/schema/task/spring-task-3.1.xsd=org/springframework/scheduling/config/spring-task-3.1.xsd, http://www.springframework.org/schema/beans/spring-beans-3.0.xsd=org/springframework/beans/factory/xml/spring-beans-3.0.xsd, http://www.springframework.org/schema/jee/spring-jee.xsd=org/springframework/ejb/config/spring-jee-4.1.xsd, http://www.springframework.org/schema/aop/spring-aop-2.5.xsd=org/springframework/aop/config/spring-aop-2.5.xsd, http://www.springframework.org/schema/lang/spring-lang-2.0.xsd=org/springframework/scripting/config/spring-lang-2.0.xsd, http://www.springframework.org/schema/util/spring-util-3.2.xsd=org/springframework/beans/factory/xml/spring-util-3.2.xsd, http://www.springframework.org/schema/task/spring-task.xsd=org/springframework/scheduling/config/spring-task-4.1.xsd, http://www.springframework.org/schema/tool/spring-tool-2.0.xsd=org/springframework/beans/factory/xml/spring-tool-2.0.xsd, http://www.springframework.org/schema/tx/spring-tx-3.0.xsd=org/springframework/transaction/config/spring-tx-3.0.xsd, http://www.springframework.org/schema/lang/spring-lang-2.5.xsd=org/springframework/scripting/config/spring-lang-2.5.xsd, http://www.springframework.org/schema/jee/spring-jee-2.0.xsd=org/springframework/ejb/config/spring-jee-2.0.xsd, http://www.springframework.org/schema/tool/spring-tool-2.5.xsd=org/springframework/beans/factory/xml/spring-tool-2.5.xsd, http://www.springframework.org/schema/jee/spring-jee-2.5.xsd=org/springframework/ejb/config/spring-jee-2.5.xsd, http://www.springframework.org/schema/util/spring-util-4.0.xsd=org/springframework/beans/factory/xml/spring-util-4.0.xsd, http://www.springframework.org/schema/task/spring-task-3.0.xsd=org/springframework/scheduling/config/spring-task-3.0.xsd, http://www.springframework.org/schema/lang/spring-lang.xsd=org/springframework/scripting/config/spring-lang-4.1.xsd, http://www.springframework.org/schema/context/spring-context-3.2.xsd=org/springframework/context/config/spring-context-3.2.xsd, http://www.springframework.org/schema/util/spring-util-3.1.xsd=org/springframework/beans/factory/xml/spring-util-3.1.xsd, http://www.springframework.org/schema/beans/spring-beans-2.0.xsd=org/springframework/beans/factory/xml/spring-beans-2.0.xsd, http://www.springframework.org/schema/cache/spring-cache.xsd=org/springframework/cache/config/spring-cache-4.1.xsd, http://www.springframework.org/schema/tx/spring-tx.xsd=org/springframework/transaction/config/spring-tx-4.1.xsd, http://www.springframework.org/schema/context/spring-context-4.1.xsd=org/springframework/context/config/spring-context-4.1.xsd, http://www.springframework.org/schema/beans/spring-beans-2.5.xsd=org/springframework/beans/factory/xml/spring-beans-2.5.xsd, http://www.springframework.org/schema/tx/spring-tx-2.0.xsd=org/springframework/transaction/config/spring-tx-2.0.xsd, http://www.alibaba.com/schema/stat.xsd=META-INF/stat.xsd, http://www.springframework.org/schema/jdbc/spring-jdbc-3.2.xsd=org/springframework/jdbc/config/spring-jdbc-3.2.xsd, http://www.springframework.org/schema/aop/spring-aop.xsd=org/springframework/aop/config/spring-aop-4.1.xsd}
DEBUG (org.springframework.beans.factory.xml.PluggableSchemaResolver:119) - Found XML schema [http://www.springframework.org/schema/beans/spring-beans.xsd] in classpath: org/springframework/beans/factory/xml/spring-beans-4.1.xsd
DEBUG (org.springframework.beans.factory.xml.PluggableSchemaResolver:119) - Found XML schema [http://www.springframework.org/schema/mvc/spring-mvc-4.1.xsd] in classpath: org/springframework/web/servlet/config/spring-mvc-4.1.xsd
DEBUG (org.springframework.beans.factory.xml.PluggableSchemaResolver:119) - Found XML schema [http://www.springframework.org/schema/tool/spring-tool-4.1.xsd] in classpath: org/springframework/beans/factory/xml/spring-tool-4.1.xsd
DEBUG (org.springframework.beans.factory.xml.PluggableSchemaResolver:119) - Found XML schema [http://www.springframework.org/schema/context/spring-context.xsd] in classpath: org/springframework/context/config/spring-context-4.1.xsd
DEBUG (org.springframework.beans.factory.xml.PluggableSchemaResolver:119) - Found XML schema [http://www.springframework.org/schema/aop/spring-aop-4.1.xsd] in classpath: org/springframework/aop/config/spring-aop-4.1.xsd
DEBUG (org.springframework.beans.factory.xml.DefaultBeanDefinitionDocumentReader:108) - Loading bean definitions
DEBUG (org.springframework.beans.factory.xml.DefaultNamespaceHandlerResolver:157) - Loaded NamespaceHandler mappings: {http://www.springframework.org/schema/p=org.springframework.beans.factory.xml.SimplePropertyNamespaceHandler, http://www.springframework.org/schema/mvc=org.springframework.web.servlet.config.MvcNamespaceHandler, http://www.springframework.org/schema/util=org.springframework.beans.factory.xml.UtilNamespaceHandler, http://www.alibaba.com/schema/stat=com.alibaba.druid.support.spring.stat.config.DruidStatNamespaceHandler, http://www.springframework.org/schema/jee=org.springframework.ejb.config.JeeNamespaceHandler, http://www.springframework.org/schema/aop=org.springframework.aop.config.AopNamespaceHandler, http://www.springframework.org/schema/jdbc=org.springframework.jdbc.config.JdbcNamespaceHandler, http://www.springframework.org/schema/cache=org.springframework.cache.config.CacheNamespaceHandler, http://mybatis.org/schema/mybatis-spring=org.mybatis.spring.config.NamespaceHandler, http://www.springframework.org/schema/c=org.springframework.beans.factory.xml.SimpleConstructorNamespaceHandler, http://www.springframework.org/schema/tx=org.springframework.transaction.config.TxNamespaceHandler, http://www.springframework.org/schema/task=org.springframework.scheduling.config.TaskNamespaceHandler, http://www.springframework.org/schema/lang=org.springframework.scripting.config.LangNamespaceHandler, http://www.springframework.org/schema/context=org.springframework.context.config.ContextNamespaceHandler}
DEBUG (org.springframework.core.io.support.PathMatchingResourcePatternResolver:610) - Looking for matching resources in directory tree [F:\working\code\ndt-etl\target\test-classes\com\jk\ndt\etl\controller]
DEBUG (org.springframework.core.io.support.PathMatchingResourcePatternResolver:672) - Searching directory [F:\working\code\ndt-etl\target\test-classes\com\jk\ndt\etl\controller] for files matching pattern [F:/working/code/ndt-etl/target/test-classes/com/jk/ndt/etl/controller/**/*.class]
DEBUG (org.springframework.core.io.support.PathMatchingResourcePatternResolver:610) - Looking for matching resources in directory tree [F:\working\code\ndt-etl\target\classes\com\jk\ndt\etl\controller]
DEBUG (org.springframework.core.io.support.PathMatchingResourcePatternResolver:672) - Searching directory [F:\working\code\ndt-etl\target\classes\com\jk\ndt\etl\controller] for files matching pattern [F:/working/code/ndt-etl/target/classes/com/jk/ndt/etl/controller/**/*.class]
DEBUG (org.springframework.core.io.support.PathMatchingResourcePatternResolver:672) - Searching directory [F:\working\code\ndt-etl\target\classes\com\jk\ndt\etl\controller\access] for files matching pattern [F:/working/code/ndt-etl/target/classes/com/jk/ndt/etl/controller/**/*.class]
DEBUG (org.springframework.core.io.support.PathMatchingResourcePatternResolver:672) - Searching directory [F:\working\code\ndt-etl\target\classes\com\jk\ndt\etl\controller\clean] for files matching pattern [F:/working/code/ndt-etl/target/classes/com/jk/ndt/etl/controller/**/*.class]
DEBUG (org.springframework.core.io.support.PathMatchingResourcePatternResolver:672) - Searching directory [F:\working\code\ndt-etl\target\classes\com\jk\ndt\etl\controller\mirror] for files matching pattern [F:/working/code/ndt-etl/target/classes/com/jk/ndt/etl/controller/**/*.class]
DEBUG (org.springframework.core.io.support.PathMatchingResourcePatternResolver:672) - Searching directory [F:\working\code\ndt-etl\target\classes\com\jk\ndt\etl\controller\monitor] for files matching pattern [F:/working/code/ndt-etl/target/classes/com/jk/ndt/etl/controller/**/*.class]
DEBUG (org.springframework.core.io.support.PathMatchingResourcePatternResolver:672) - Searching directory [F:\working\code\ndt-etl\target\classes\com\jk\ndt\etl\controller\presystem] for files matching pattern [F:/working/code/ndt-etl/target/classes/com/jk/ndt/etl/controller/**/*.class]
DEBUG (org.springframework.core.io.support.PathMatchingResourcePatternResolver:672) - Searching directory [F:\working\code\ndt-etl\target\classes\com\jk\ndt\etl\controller\system] for files matching pattern [F:/working/code/ndt-etl/target/classes/com/jk/ndt/etl/controller/**/*.class]
DEBUG (org.springframework.core.io.support.PathMatchingResourcePatternResolver:672) - Searching directory [F:\working\code\ndt-etl\target\classes\com\jk\ndt\etl\controller\transform] for files matching pattern [F:/working/code/ndt-etl/target/classes/com/jk/ndt/etl/controller/**/*.class]
DEBUG (org.springframework.core.io.support.PathMatchingResourcePatternResolver:672) - Searching directory [F:\working\code\ndt-etl\target\classes\com\jk\ndt\etl\controller\validate] for files matching pattern [F:/working/code/ndt-etl/target/classes/com/jk/ndt/etl/controller/**/*.class]
DEBUG (org.springframework.core.io.support.PathMatchingResourcePatternResolver:672) - Searching directory [F:\working\code\ndt-etl\target\classes\com\jk\ndt\etl\controller\verify] for files matching pattern [F:/working/code/ndt-etl/target/classes/com/jk/ndt/etl/controller/**/*.class]
DEBUG (org.springframework.core.io.support.PathMatchingResourcePatternResolver:411) - Resolved location pattern [classpath*:com/jk/ndt/etl/controller/**/*.class] to resources [file [F:\working\code\ndt-etl\target\test-classes\com\jk\ndt\etl\controller\AdminTest.class], file [F:\working\code\ndt-etl\target\classes\com\jk\ndt\etl\controller\access\CacheController.class], file [F:\working\code\ndt-etl\target\classes\com\jk\ndt\etl\controller\access\SheetController.class], file [F:\working\code\ndt-etl\target\classes\com\jk\ndt\etl\controller\access\UploadController.class], file [F:\working\code\ndt-etl\target\classes\com\jk\ndt\etl\controller\BaseController.class], file [F:\working\code\ndt-etl\target\classes\com\jk\ndt\etl\controller\clean\CleanerController.class], file [F:\working\code\ndt-etl\target\classes\com\jk\ndt\etl\controller\FirstController.class], file [F:\working\code\ndt-etl\target\classes\com\jk\ndt\etl\controller\mirror\MirrorTableController.class], file [F:\working\code\ndt-etl\target\classes\com\jk\ndt\etl\controller\monitor\AlarmRuleController.class], file [F:\working\code\ndt-etl\target\classes\com\jk\ndt\etl\controller\monitor\MonitorController.class], file [F:\working\code\ndt-etl\target\classes\com\jk\ndt\etl\controller\monitor\SeverHostController.class], file [F:\working\code\ndt-etl\target\classes\com\jk\ndt\etl\controller\MyRealm.class], file [F:\working\code\ndt-etl\target\classes\com\jk\ndt\etl\controller\presystem\PreSystemController.class], file [F:\working\code\ndt-etl\target\classes\com\jk\ndt\etl\controller\presystem\PreSystemServlet.class], file [F:\working\code\ndt-etl\target\classes\com\jk\ndt\etl\controller\presystem\PreSystemThread.class], file [F:\working\code\ndt-etl\target\classes\com\jk\ndt\etl\controller\system\AdminController.class], file [F:\working\code\ndt-etl\target\classes\com\jk\ndt\etl\controller\system\ResourceController.class], file [F:\working\code\ndt-etl\target\classes\com\jk\ndt\etl\controller\system\RoleController.class], file [F:\working\code\ndt-etl\target\classes\com\jk\ndt\etl\controller\system\UserController.class], file [F:\working\code\ndt-etl\target\classes\com\jk\ndt\etl\controller\transform\TransformController.class], file [F:\working\code\ndt-etl\target\classes\com\jk\ndt\etl\controller\validate\ValidateController.class], file [F:\working\code\ndt-etl\target\classes\com\jk\ndt\etl\controller\ValidateDemoController.class], file [F:\working\code\ndt-etl\target\classes\com\jk\ndt\etl\controller\verify\VerifyController.class]]
DEBUG (org.springframework.context.annotation.ClassPathBeanDefinitionScanner:284) - Identified candidate component class: file [F:\working\code\ndt-etl\target\classes\com\jk\ndt\etl\controller\access\CacheController.class]
DEBUG (org.springframework.context.annotation.ClassPathBeanDefinitionScanner:284) - Identified candidate component class: file [F:\working\code\ndt-etl\target\classes\com\jk\ndt\etl\controller\access\SheetController.class]
DEBUG (org.springframework.context.annotation.ClassPathBeanDefinitionScanner:284) - Identified candidate component class: file [F:\working\code\ndt-etl\target\classes\com\jk\ndt\etl\controller\access\UploadController.class]
DEBUG (org.springframework.context.annotation.ClassPathBeanDefinitionScanner:284) - Identified candidate component class: file [F:\working\code\ndt-etl\target\classes\com\jk\ndt\etl\controller\clean\CleanerController.class]
DEBUG (org.springframework.context.annotation.ClassPathBeanDefinitionScanner:284) - Identified candidate component class: file [F:\working\code\ndt-etl\target\classes\com\jk\ndt\etl\controller\FirstController.class]
DEBUG (org.springframework.context.annotation.ClassPathBeanDefinitionScanner:284) - Identified candidate component class: file [F:\working\code\ndt-etl\target\classes\com\jk\ndt\etl\controller\mirror\MirrorTableController.class]
DEBUG (org.springframework.context.annotation.ClassPathBeanDefinitionScanner:284) - Identified candidate component class: file [F:\working\code\ndt-etl\target\classes\com\jk\ndt\etl\controller\monitor\AlarmRuleController.class]
DEBUG (org.springframework.context.annotation.ClassPathBeanDefinitionScanner:284) - Identified candidate component class: file [F:\working\code\ndt-etl\target\classes\com\jk\ndt\etl\controller\monitor\MonitorController.class]
DEBUG (org.springframework.context.annotation.ClassPathBeanDefinitionScanner:284) - Identified candidate component class: file [F:\working\code\ndt-etl\target\classes\com\jk\ndt\etl\controller\monitor\SeverHostController.class]
DEBUG (org.springframework.context.annotation.ClassPathBeanDefinitionScanner:284) - Identified candidate component class: file [F:\working\code\ndt-etl\target\classes\com\jk\ndt\etl\controller\presystem\PreSystemController.class]
DEBUG (org.springframework.context.annotation.ClassPathBeanDefinitionScanner:284) - Identified candidate component class: file [F:\working\code\ndt-etl\target\classes\com\jk\ndt\etl\controller\system\AdminController.class]
DEBUG (org.springframework.context.annotation.ClassPathBeanDefinitionScanner:284) - Identified candidate component class: file [F:\working\code\ndt-etl\target\classes\com\jk\ndt\etl\controller\system\ResourceController.class]
DEBUG (org.springframework.context.annotation.ClassPathBeanDefinitionScanner:284) - Identified candidate component class: file [F:\working\code\ndt-etl\target\classes\com\jk\ndt\etl\controller\system\RoleController.class]
DEBUG (org.springframework.context.annotation.ClassPathBeanDefinitionScanner:284) - Identified candidate component class: file [F:\working\code\ndt-etl\target\classes\com\jk\ndt\etl\controller\system\UserController.class]
DEBUG (org.springframework.context.annotation.ClassPathBeanDefinitionScanner:284) - Identified candidate component class: file [F:\working\code\ndt-etl\target\classes\com\jk\ndt\etl\controller\transform\TransformController.class]
DEBUG (org.springframework.context.annotation.ClassPathBeanDefinitionScanner:284) - Identified candidate component class: file [F:\working\code\ndt-etl\target\classes\com\jk\ndt\etl\controller\validate\ValidateController.class]
DEBUG (org.springframework.context.annotation.ClassPathBeanDefinitionScanner:284) - Identified candidate component class: file [F:\working\code\ndt-etl\target\classes\com\jk\ndt\etl\controller\ValidateDemoController.class]
DEBUG (org.springframework.context.annotation.ClassPathBeanDefinitionScanner:284) - Identified candidate component class: file [F:\working\code\ndt-etl\target\classes\com\jk\ndt\etl\controller\verify\VerifyController.class]
DEBUG (org.springframework.beans.factory.xml.BeanDefinitionParserDelegate:495) - Neither XML &apos;id&apos; nor &apos;name&apos; specified - using generated bean name [org.springframework.beans.factory.annotation.AutowiredAnnotationBeanPostProcessor#0]
 INFO (org.springframework.beans.factory.xml.XmlBeanDefinitionReader:316) - Loading XML bean definitions from file [F:\working\code\ndt-etl\target\classes\spring.xml]
DEBUG (org.springframework.beans.factory.xml.DefaultDocumentLoader:73) - Using JAXP provider [com.sun.org.apache.xerces.internal.jaxp.DocumentBuilderFactoryImpl]
DEBUG (org.springframework.beans.factory.xml.PluggableSchemaResolver:119) - Found XML schema [http://www.springframework.org/schema/beans/spring-beans-4.1.xsd] in classpath: org/springframework/beans/factory/xml/spring-beans-4.1.xsd
DEBUG (org.springframework.beans.factory.xml.PluggableSchemaResolver:119) - Found XML schema [http://www.springframework.org/schema/context/spring-context-4.1.xsd] in classpath: org/springframework/context/config/spring-context-4.1.xsd
DEBUG (org.springframework.beans.factory.xml.PluggableSchemaResolver:119) - Found XML schema [http://www.springframework.org/schema/tool/spring-tool-4.1.xsd] in classpath: org/springframework/beans/factory/xml/spring-tool-4.1.xsd
DEBUG (org.springframework.beans.factory.xml.PluggableSchemaResolver:119) - Found XML schema [http://www.springframework.org/schema/tx/spring-tx-4.1.xsd] in classpath: org/springframework/transaction/config/spring-tx-4.1.xsd
DEBUG (org.springframework.beans.factory.xml.PluggableSchemaResolver:119) - Found XML schema [http://www.springframework.org/schema/aop/spring-aop-4.1.xsd] in classpath: org/springframework/aop/config/spring-aop-4.1.xsd
DEBUG (org.springframework.beans.factory.xml.PluggableSchemaResolver:119) - Found XML schema [http://www.springframework.org/schema/task/spring-task-3.0.xsd] in classpath: org/springframework/scheduling/config/spring-task-3.0.xsd
DEBUG (org.springframework.beans.factory.xml.PluggableSchemaResolver:119) - Found XML schema [http://www.springframework.org/schema/cache/spring-cache-3.1.xsd] in classpath: org/springframework/cache/config/spring-cache-3.1.xsd
DEBUG (org.springframework.beans.factory.xml.DefaultBeanDefinitionDocumentReader:108) - Loading bean definitions
DEBUG (org.springframework.core.io.support.PathMatchingResourcePatternResolver:610) - Looking for matching resources in directory tree [F:\working\code\ndt-etl\target\test-classes\com\jk\ndt\etl]
DEBUG (org.springframework.core.io.support.PathMatchingResourcePatternResolver:672) - Searching directory [F:\working\code\ndt-etl\target\test-classes\com\jk\ndt\etl] for files matching pattern [F:/working/code/ndt-etl/target/test-classes/com/jk/ndt/etl/**/*.class]
DEBUG (org.springframework.core.io.support.PathMatchingResourcePatternResolver:672) - Searching directory [F:\working\code\ndt-etl\target\test-classes\com\jk\ndt\etl\controller] for files matching pattern [F:/working/code/ndt-etl/target/test-classes/com/jk/ndt/etl/**/*.class]
DEBUG (org.springframework.core.io.support.PathMatchingResourcePatternResolver:672) - Searching directory [F:\working\code\ndt-etl\target\test-classes\com\jk\ndt\etl\converter] for files matching pattern [F:/working/code/ndt-etl/target/test-classes/com/jk/ndt/etl/**/*.class]
DEBUG (org.springframework.core.io.support.PathMatchingResourcePatternResolver:672) - Searching directory [F:\working\code\ndt-etl\target\test-classes\com\jk\ndt\etl\converter\csv] for files matching pattern [F:/working/code/ndt-etl/target/test-classes/com/jk/ndt/etl/**/*.class]
DEBUG (org.springframework.core.io.support.PathMatchingResourcePatternResolver:672) - Searching directory [F:\working\code\ndt-etl\target\test-classes\com\jk\ndt\etl\converter\excel] for files matching pattern [F:/working/code/ndt-etl/target/test-classes/com/jk/ndt/etl/**/*.class]
DEBUG (org.springframework.core.io.support.PathMatchingResourcePatternResolver:672) - Searching directory [F:\working\code\ndt-etl\target\test-classes\com\jk\ndt\etl\dao] for files matching pattern [F:/working/code/ndt-etl/target/test-classes/com/jk/ndt/etl/**/*.class]
DEBUG (org.springframework.core.io.support.PathMatchingResourcePatternResolver:672) - Searching directory [F:\working\code\ndt-etl\target\test-classes\com\jk\ndt\etl\dao\access] for files matching pattern [F:/working/code/ndt-etl/target/test-classes/com/jk/ndt/etl/**/*.class]
DEBUG (org.springframework.core.io.support.PathMatchingResourcePatternResolver:672) - Searching directory [F:\working\code\ndt-etl\target\test-classes\com\jk\ndt\etl\ehcache] for files matching pattern [F:/working/code/ndt-etl/target/test-classes/com/jk/ndt/etl/**/*.class]
DEBUG (org.springframework.core.io.support.PathMatchingResourcePatternResolver:672) - Searching directory [F:\working\code\ndt-etl\target\test-classes\com\jk\ndt\etl\rule] for files matching pattern [F:/working/code/ndt-etl/target/test-classes/com/jk/ndt/etl/**/*.class]
DEBUG (org.springframework.core.io.support.PathMatchingResourcePatternResolver:672) - Searching directory [F:\working\code\ndt-etl\target\test-classes\com\jk\ndt\etl\service] for files matching pattern [F:/working/code/ndt-etl/target/test-classes/com/jk/ndt/etl/**/*.class]
DEBUG (org.springframework.core.io.support.PathMatchingResourcePatternResolver:672) - Searching directory [F:\working\code\ndt-etl\target\test-classes\com\jk\ndt\etl\service\common] for files matching pattern [F:/working/code/ndt-etl/target/test-classes/com/jk/ndt/etl/**/*.class]
DEBUG (org.springframework.core.io.support.PathMatchingResourcePatternResolver:672) - Searching directory [F:\working\code\ndt-etl\target\test-classes\com\jk\ndt\etl\service\logs] for files matching pattern [F:/working/code/ndt-etl/target/test-classes/com/jk/ndt/etl/**/*.class]
DEBUG (org.springframework.core.io.support.PathMatchingResourcePatternResolver:672) - Searching directory [F:\working\code\ndt-etl\target\test-classes\com\jk\ndt\etl\service\mirror] for files matching pattern [F:/working/code/ndt-etl/target/test-classes/com/jk/ndt/etl/**/*.class]
DEBUG (org.springframework.core.io.support.PathMatchingResourcePatternResolver:610) - Looking for matching resources in directory tree [F:\working\code\ndt-etl\target\classes\com\jk\ndt\etl]
DEBUG (org.springframework.core.io.support.PathMatchingResourcePatternResolver:672) - Searching directory [F:\working\code\ndt-etl\target\classes\com\jk\ndt\etl] for files matching pattern [F:/working/code/ndt-etl/target/classes/com/jk/ndt/etl/**/*.class]
DEBUG (org.springframework.core.io.support.PathMatchingResourcePatternResolver:672) - Searching directory [F:\working\code\ndt-etl\target\classes\com\jk\ndt\etl\constant] for files matching pattern [F:/working/code/ndt-etl/target/classes/com/jk/ndt/etl/**/*.class]
DEBUG (org.springframework.core.io.support.PathMatchingResourcePatternResolver:672) - Searching directory [F:\working\code\ndt-etl\target\classes\com\jk\ndt\etl\controller] for files matching pattern [F:/working/code/ndt-etl/target/classes/com/jk/ndt/etl/**/*.class]
DEBUG (org.springframework.core.io.support.PathMatchingResourcePatternResolver:672) - Searching directory [F:\working\code\ndt-etl\target\classes\com\jk\ndt\etl\controller\access] for files matching pattern [F:/working/code/ndt-etl/target/classes/com/jk/ndt/etl/**/*.class]
DEBUG (org.springframework.core.io.support.PathMatchingResourcePatternResolver:672) - Searching directory [F:\working\code\ndt-etl\target\classes\com\jk\ndt\etl\controller\clean] for files matching pattern [F:/working/code/ndt-etl/target/classes/com/jk/ndt/etl/**/*.class]
DEBUG (org.springframework.core.io.support.PathMatchingResourcePatternResolver:672) - Searching directory [F:\working\code\ndt-etl\target\classes\com\jk\ndt\etl\controller\mirror] for files matching pattern [F:/working/code/ndt-etl/target/classes/com/jk/ndt/etl/**/*.class]
DEBUG (org.springframework.core.io.support.PathMatchingResourcePatternResolver:672) - Searching directory [F:\working\code\ndt-etl\target\classes\com\jk\ndt\etl\controller\monitor] for files matching pattern [F:/working/code/ndt-etl/target/classes/com/jk/ndt/etl/**/*.class]
DEBUG (org.springframework.core.io.support.PathMatchingResourcePatternResolver:672) - Searching directory [F:\working\code\ndt-etl\target\classes\com\jk\ndt\etl\controller\presystem] for files matching pattern [F:/working/code/ndt-etl/target/classes/com/jk/ndt/etl/**/*.class]
DEBUG (org.springframework.core.io.support.PathMatchingResourcePatternResolver:672) - Searching directory [F:\working\code\ndt-etl\target\classes\com\jk\ndt\etl\controller\system] for files matching pattern [F:/working/code/ndt-etl/target/classes/com/jk/ndt/etl/**/*.class]
DEBUG (org.springframework.core.io.support.PathMatchingResourcePatternResolver:672) - Searching directory [F:\working\code\ndt-etl\target\classes\com\jk\ndt\etl\controller\transform] for files matching pattern [F:/working/code/ndt-etl/target/classes/com/jk/ndt/etl/**/*.class]
DEBUG (org.springframework.core.io.support.PathMatchingResourcePatternResolver:672) - Searching directory [F:\working\code\ndt-etl\target\classes\com\jk\ndt\etl\controller\validate] for files matching pattern [F:/working/code/ndt-etl/target/classes/com/jk/ndt/etl/**/*.class]
DEBUG (org.springframework.core.io.support.PathMatchingResourcePatternResolver:672) - Searching directory [F:\working\code\ndt-etl\target\classes\com\jk\ndt\etl\controller\verify] for files matching pattern [F:/working/code/ndt-etl/target/classes/com/jk/ndt/etl/**/*.class]
DEBUG (org.springframework.core.io.support.PathMatchingResourcePatternResolver:672) - Searching directory [F:\working\code\ndt-etl\target\classes\com\jk\ndt\etl\converter] for files matching pattern [F:/working/code/ndt-etl/target/classes/com/jk/ndt/etl/**/*.class]
DEBUG (org.springframework.core.io.support.PathMatchingResourcePatternResolver:672) - Searching directory [F:\working\code\ndt-etl\target\classes\com\jk\ndt\etl\converter\csv] for files matching pattern [F:/working/code/ndt-etl/target/classes/com/jk/ndt/etl/**/*.class]
DEBUG (org.springframework.core.io.support.PathMatchingResourcePatternResolver:672) - Searching directory [F:\working\code\ndt-etl\target\classes\com\jk\ndt\etl\converter\excel] for files matching pattern [F:/working/code/ndt-etl/target/classes/com/jk/ndt/etl/**/*.class]
DEBUG (org.springframework.core.io.support.PathMatchingResourcePatternResolver:672) - Searching directory [F:\working\code\ndt-etl\target\classes\com\jk\ndt\etl\converter\model] for files matching pattern [F:/working/code/ndt-etl/target/classes/com/jk/ndt/etl/**/*.class]
DEBUG (org.springframework.core.io.support.PathMatchingResourcePatternResolver:672) - Searching directory [F:\working\code\ndt-etl\target\classes\com\jk\ndt\etl\dao] for files matching pattern [F:/working/code/ndt-etl/target/classes/com/jk/ndt/etl/**/*.class]
DEBUG (org.springframework.core.io.support.PathMatchingResourcePatternResolver:672) - Searching directory [F:\working\code\ndt-etl\target\classes\com\jk\ndt\etl\dao\access] for files matching pattern [F:/working/code/ndt-etl/target/classes/com/jk/ndt/etl/**/*.class]
DEBUG (org.springframework.core.io.support.PathMatchingResourcePatternResolver:672) - Searching directory [F:\working\code\ndt-etl\target\classes\com\jk\ndt\etl\dao\common] for files matching pattern [F:/working/code/ndt-etl/target/classes/com/jk/ndt/etl/**/*.class]
DEBUG (org.springframework.core.io.support.PathMatchingResourcePatternResolver:672) - Searching directory [F:\working\code\ndt-etl\target\classes\com\jk\ndt\etl\dao\logs] for files matching pattern [F:/working/code/ndt-etl/target/classes/com/jk/ndt/etl/**/*.class]
DEBUG (org.springframework.core.io.support.PathMatchingResourcePatternResolver:672) - Searching directory [F:\working\code\ndt-etl\target\classes\com\jk\ndt\etl\dao\mirror] for files matching pattern [F:/working/code/ndt-etl/target/classes/com/jk/ndt/etl/**/*.class]
DEBUG (org.springframework.core.io.support.PathMatchingResourcePatternResolver:672) - Searching directory [F:\working\code\ndt-etl\target\classes\com\jk\ndt\etl\dao\monitor] for files matching pattern [F:/working/code/ndt-etl/target/classes/com/jk/ndt/etl/**/*.class]
DEBUG (org.springframework.core.io.support.PathMatchingResourcePatternResolver:672) - Searching directory [F:\working\code\ndt-etl\target\classes\com\jk\ndt\etl\dao\presystem] for files matching pattern [F:/working/code/ndt-etl/target/classes/com/jk/ndt/etl/**/*.class]
DEBUG (org.springframework.core.io.support.PathMatchingResourcePatternResolver:672) - Searching directory [F:\working\code\ndt-etl\target\classes\com\jk\ndt\etl\dao\system] for files matching pattern [F:/working/code/ndt-etl/target/classes/com/jk/ndt/etl/**/*.class]
DEBUG (org.springframework.core.io.support.PathMatchingResourcePatternResolver:672) - Searching directory [F:\working\code\ndt-etl\target\classes\com\jk\ndt\etl\dao\transform] for files matching pattern [F:/working/code/ndt-etl/target/classes/com/jk/ndt/etl/**/*.class]
DEBUG (org.springframework.core.io.support.PathMatchingResourcePatternResolver:672) - Searching directory [F:\working\code\ndt-etl\target\classes\com\jk\ndt\etl\entity] for files matching pattern [F:/working/code/ndt-etl/target/classes/com/jk/ndt/etl/**/*.class]
DEBUG (org.springframework.core.io.support.PathMatchingResourcePatternResolver:672) - Searching directory [F:\working\code\ndt-etl\target\classes\com\jk\ndt\etl\entity\access] for files matching pattern [F:/working/code/ndt-etl/target/classes/com/jk/ndt/etl/**/*.class]
DEBUG (org.springframework.core.io.support.PathMatchingResourcePatternResolver:672) - Searching directory [F:\working\code\ndt-etl\target\classes\com\jk\ndt\etl\entity\logs] for files matching pattern [F:/working/code/ndt-etl/target/classes/com/jk/ndt/etl/**/*.class]
DEBUG (org.springframework.core.io.support.PathMatchingResourcePatternResolver:672) - Searching directory [F:\working\code\ndt-etl\target\classes\com\jk\ndt\etl\entity\mirror] for files matching pattern [F:/working/code/ndt-etl/target/classes/com/jk/ndt/etl/**/*.class]
DEBUG (org.springframework.core.io.support.PathMatchingResourcePatternResolver:672) - Searching directory [F:\working\code\ndt-etl\target\classes\com\jk\ndt\etl\entity\monitor] for files matching pattern [F:/working/code/ndt-etl/target/classes/com/jk/ndt/etl/**/*.class]
DEBUG (org.springframework.core.io.support.PathMatchingResourcePatternResolver:672) - Searching directory [F:\working\code\ndt-etl\target\classes\com\jk\ndt\etl\entity\presystem] for files matching pattern [F:/working/code/ndt-etl/target/classes/com/jk/ndt/etl/**/*.class]
DEBUG (org.springframework.core.io.support.PathMatchingResourcePatternResolver:672) - Searching directory [F:\working\code\ndt-etl\target\classes\com\jk\ndt\etl\entity\rule] for files matching pattern [F:/working/code/ndt-etl/target/classes/com/jk/ndt/etl/**/*.class]
DEBUG (org.springframework.core.io.support.PathMatchingResourcePatternResolver:672) - Searching directory [F:\working\code\ndt-etl\target\classes\com\jk\ndt\etl\entity\system] for files matching pattern [F:/working/code/ndt-etl/target/classes/com/jk/ndt/etl/**/*.class]
DEBUG (org.springframework.core.io.support.PathMatchingResourcePatternResolver:672) - Searching directory [F:\working\code\ndt-etl\target\classes\com\jk\ndt\etl\entity\vo] for files matching pattern [F:/working/code/ndt-etl/target/classes/com/jk/ndt/etl/**/*.class]
DEBUG (org.springframework.core.io.support.PathMatchingResourcePatternResolver:672) - Searching directory [F:\working\code\ndt-etl\target\classes\com\jk\ndt\etl\exception] for files matching pattern [F:/working/code/ndt-etl/target/classes/com/jk/ndt/etl/**/*.class]
DEBUG (org.springframework.core.io.support.PathMatchingResourcePatternResolver:672) - Searching directory [F:\working\code\ndt-etl\target\classes\com\jk\ndt\etl\extend] for files matching pattern [F:/working/code/ndt-etl/target/classes/com/jk/ndt/etl/**/*.class]
DEBUG (org.springframework.core.io.support.PathMatchingResourcePatternResolver:672) - Searching directory [F:\working\code\ndt-etl\target\classes\com\jk\ndt\etl\interceptor] for files matching pattern [F:/working/code/ndt-etl/target/classes/com/jk/ndt/etl/**/*.class]
DEBUG (org.springframework.core.io.support.PathMatchingResourcePatternResolver:672) - Searching directory [F:\working\code\ndt-etl\target\classes\com\jk\ndt\etl\rule] for files matching pattern [F:/working/code/ndt-etl/target/classes/com/jk/ndt/etl/**/*.class]
DEBUG (org.springframework.core.io.support.PathMatchingResourcePatternResolver:672) - Searching directory [F:\working\code\ndt-etl\target\classes\com\jk\ndt\etl\rule\impl] for files matching pattern [F:/working/code/ndt-etl/target/classes/com/jk/ndt/etl/**/*.class]
DEBUG (org.springframework.core.io.support.PathMatchingResourcePatternResolver:672) - Searching directory [F:\working\code\ndt-etl\target\classes\com\jk\ndt\etl\service] for files matching pattern [F:/working/code/ndt-etl/target/classes/com/jk/ndt/etl/**/*.class]
DEBUG (org.springframework.core.io.support.PathMatchingResourcePatternResolver:672) - Searching directory [F:\working\code\ndt-etl\target\classes\com\jk\ndt\etl\service\access] for files matching pattern [F:/working/code/ndt-etl/target/classes/com/jk/ndt/etl/**/*.class]
DEBUG (org.springframework.core.io.support.PathMatchingResourcePatternResolver:672) - Searching directory [F:\working\code\ndt-etl\target\classes\com\jk\ndt\etl\service\access\impl] for files matching pattern [F:/working/code/ndt-etl/target/classes/com/jk/ndt/etl/**/*.class]
DEBUG (org.springframework.core.io.support.PathMatchingResourcePatternResolver:672) - Searching directory [F:\working\code\ndt-etl\target\classes\com\jk\ndt\etl\service\common] for files matching pattern [F:/working/code/ndt-etl/target/classes/com/jk/ndt/etl/**/*.class]
DEBUG (org.springframework.core.io.support.PathMatchingResourcePatternResolver:672) - Searching directory [F:\working\code\ndt-etl\target\classes\com\jk\ndt\etl\service\common\impl] for files matching pattern [F:/working/code/ndt-etl/target/classes/com/jk/ndt/etl/**/*.class]
DEBUG (org.springframework.core.io.support.PathMatchingResourcePatternResolver:672) - Searching directory [F:\working\code\ndt-etl\target\classes\com\jk\ndt\etl\service\logs] for files matching pattern [F:/working/code/ndt-etl/target/classes/com/jk/ndt/etl/**/*.class]
DEBUG (org.springframework.core.io.support.PathMatchingResourcePatternResolver:672) - Searching directory [F:\working\code\ndt-etl\target\classes\com\jk\ndt\etl\service\logs\impl] for files matching pattern [F:/working/code/ndt-etl/target/classes/com/jk/ndt/etl/**/*.class]
DEBUG (org.springframework.core.io.support.PathMatchingResourcePatternResolver:672) - Searching directory [F:\working\code\ndt-etl\target\classes\com\jk\ndt\etl\service\mirror] for files matching pattern [F:/working/code/ndt-etl/target/classes/com/jk/ndt/etl/**/*.class]
DEBUG (org.springframework.core.io.support.PathMatchingResourcePatternResolver:672) - Searching directory [F:\working\code\ndt-etl\target\classes\com\jk\ndt\etl\service\mirror\impl] for files matching pattern [F:/working/code/ndt-etl/target/classes/com/jk/ndt/etl/**/*.class]
DEBUG (org.springframework.core.io.support.PathMatchingResourcePatternResolver:672) - Searching directory [F:\working\code\ndt-etl\target\classes\com\jk\ndt\etl\service\monitor] for files matching pattern [F:/working/code/ndt-etl/target/classes/com/jk/ndt/etl/**/*.class]
DEBUG (org.springframework.core.io.support.PathMatchingResourcePatternResolver:672) - Searching directory [F:\working\code\ndt-etl\target\classes\com\jk\ndt\etl\service\monitor\impl] for files matching pattern [F:/working/code/ndt-etl/target/classes/com/jk/ndt/etl/**/*.class]
DEBUG (org.springframework.core.io.support.PathMatchingResourcePatternResolver:672) - Searching directory [F:\working\code\ndt-etl\target\classes\com\jk\ndt\etl\service\presystem] for files matching pattern [F:/working/code/ndt-etl/target/classes/com/jk/ndt/etl/**/*.class]
DEBUG (org.springframework.core.io.support.PathMatchingResourcePatternResolver:672) - Searching directory [F:\working\code\ndt-etl\target\classes\com\jk\ndt\etl\service\presystem\impl] for files matching pattern [F:/working/code/ndt-etl/target/classes/com/jk/ndt/etl/**/*.class]
DEBUG (org.springframework.core.io.support.PathMatchingResourcePatternResolver:672) - Searching directory [F:\working\code\ndt-etl\target\classes\com\jk\ndt\etl\service\rule] for files matching pattern [F:/working/code/ndt-etl/target/classes/com/jk/ndt/etl/**/*.class]
DEBUG (org.springframework.core.io.support.PathMatchingResourcePatternResolver:672) - Searching directory [F:\working\code\ndt-etl\target\classes\com\jk\ndt\etl\service\rule\impl] for files matching pattern [F:/working/code/ndt-etl/target/classes/com/jk/ndt/etl/**/*.class]
DEBUG (org.springframework.core.io.support.PathMatchingResourcePatternResolver:672) - Searching directory [F:\working\code\ndt-etl\target\classes\com\jk\ndt\etl\service\system] for files matching pattern [F:/working/code/ndt-etl/target/classes/com/jk/ndt/etl/**/*.class]
DEBUG (org.springframework.core.io.support.PathMatchingResourcePatternResolver:672) - Searching directory [F:\working\code\ndt-etl\target\classes\com\jk\ndt\etl\service\system\impl] for files matching pattern [F:/working/code/ndt-etl/target/classes/com/jk/ndt/etl/**/*.class]
DEBUG (org.springframework.core.io.support.PathMatchingResourcePatternResolver:672) - Searching directory [F:\working\code\ndt-etl\target\classes\com\jk\ndt\etl\utility] for files matching pattern [F:/working/code/ndt-etl/target/classes/com/jk/ndt/etl/**/*.class]
DEBUG (org.springframework.core.io.support.PathMatchingResourcePatternResolver:672) - Searching directory [F:\working\code\ndt-etl\target\classes\com\jk\ndt\etl\utility\httpstatus] for files matching pattern [F:/working/code/ndt-etl/target/classes/com/jk/ndt/etl/**/*.class]
DEBUG (org.springframework.core.io.support.PathMatchingResourcePatternResolver:672) - Searching directory [F:\working\code\ndt-etl\target\classes\com\jk\ndt\etl\utility\promission] for files matching pattern [F:/working/code/ndt-etl/target/classes/com/jk/ndt/etl/**/*.class]
DEBUG (org.springframework.core.io.support.PathMatchingResourcePatternResolver:411) - Resolved location pattern [classpath*:com/jk/ndt/etl/**/*.class] to resources [file [F:\working\code\ndt-etl\target\test-classes\com\jk\ndt\etl\controller\AdminTest.class], file [F:\working\code\ndt-etl\target\test-classes\com\jk\ndt\etl\converter\csv\CSVFileConverterTest.class], file [F:\working\code\ndt-etl\target\test-classes\com\jk\ndt\etl\converter\excel\excelTest.class], file [F:\working\code\ndt-etl\target\test-classes\com\jk\ndt\etl\converter\FileSaveCodeTest.class], file [F:\working\code\ndt-etl\target\test-classes\com\jk\ndt\etl\dao\access\AccessMapperTest.class], file [F:\working\code\ndt-etl\target\test-classes\com\jk\ndt\etl\dao\CommonMapperTest.class], file [F:\working\code\ndt-etl\target\test-classes\com\jk\ndt\etl\DayOfLife.class], file [F:\working\code\ndt-etl\target\test-classes\com\jk\ndt\etl\ehcache\EhcacheSpringTest.class], file [F:\working\code\ndt-etl\target\test-classes\com\jk\ndt\etl\rule\RegexValidatorTest.class], file [F:\working\code\ndt-etl\target\test-classes\com\jk\ndt\etl\rule\ReplaceStringOperationTest.class], file [F:\working\code\ndt-etl\target\test-classes\com\jk\ndt\etl\service\common\CommonServiceTest.class], file [F:\working\code\ndt-etl\target\test-classes\com\jk\ndt\etl\service\logs\SheetLogServiceTest.class], file [F:\working\code\ndt-etl\target\test-classes\com\jk\ndt\etl\service\mirror\MirrorTableServiceTest.class], file [F:\working\code\ndt-etl\target\test-classes\com\jk\ndt\etl\SpringTest.class], file [F:\working\code\ndt-etl\target\classes\com\jk\ndt\etl\constant\Constant.class], file [F:\working\code\ndt-etl\target\classes\com\jk\ndt\etl\controller\access\CacheController.class], file [F:\working\code\ndt-etl\target\classes\com\jk\ndt\etl\controller\access\SheetController.class], file [F:\working\code\ndt-etl\target\classes\com\jk\ndt\etl\controller\access\UploadController.class], file [F:\working\code\ndt-etl\target\classes\com\jk\ndt\etl\controller\BaseController.class], file [F:\working\code\ndt-etl\target\classes\com\jk\ndt\etl\controller\clean\CleanerController.class], file [F:\working\code\ndt-etl\target\classes\com\jk\ndt\etl\controller\FirstController.class], file [F:\working\code\ndt-etl\target\classes\com\jk\ndt\etl\controller\mirror\MirrorTableController.class], file [F:\working\code\ndt-etl\target\classes\com\jk\ndt\etl\controller\monitor\AlarmRuleController.class], file [F:\working\code\ndt-etl\target\classes\com\jk\ndt\etl\controller\monitor\MonitorController.class], file [F:\working\code\ndt-etl\target\classes\com\jk\ndt\etl\controller\monitor\SeverHostController.class], file [F:\working\code\ndt-etl\target\classes\com\jk\ndt\etl\controller\MyRealm.class], file [F:\working\code\ndt-etl\target\classes\com\jk\ndt\etl\controller\presystem\PreSystemController.class], file [F:\working\code\ndt-etl\target\classes\com\jk\ndt\etl\controller\presystem\PreSystemServlet.class], file [F:\working\code\ndt-etl\target\classes\com\jk\ndt\etl\controller\presystem\PreSystemThread.class], file [F:\working\code\ndt-etl\target\classes\com\jk\ndt\etl\controller\system\AdminController.class], file [F:\working\code\ndt-etl\target\classes\com\jk\ndt\etl\controller\system\ResourceController.class], file [F:\working\code\ndt-etl\target\classes\com\jk\ndt\etl\controller\system\RoleController.class], file [F:\working\code\ndt-etl\target\classes\com\jk\ndt\etl\controller\system\UserController.class], file [F:\working\code\ndt-etl\target\classes\com\jk\ndt\etl\controller\transform\TransformController.class], file [F:\working\code\ndt-etl\target\classes\com\jk\ndt\etl\controller\validate\ValidateController.class], file [F:\working\code\ndt-etl\target\classes\com\jk\ndt\etl\controller\ValidateDemoController.class], file [F:\working\code\ndt-etl\target\classes\com\jk\ndt\etl\controller\verify\VerifyController.class], file [F:\working\code\ndt-etl\target\classes\com\jk\ndt\etl\converter\csv\CSVFileConverter.class], file [F:\working\code\ndt-etl\target\classes\com\jk\ndt\etl\converter\csv\CSVFileUtil.class], file [F:\working\code\ndt-etl\target\classes\com\jk\ndt\etl\converter\excel\ExcelConverter.class], file [F:\working\code\ndt-etl\target\classes\com\jk\ndt\etl\converter\FileConverter.class], file [F:\working\code\ndt-etl\target\classes\com\jk\ndt\etl\converter\model\DataTable.class], file [F:\working\code\ndt-etl\target\classes\com\jk\ndt\etl\dao\access\SheetInfoDao.class], file [F:\working\code\ndt-etl\target\classes\com\jk\ndt\etl\dao\access\UploadInfoDao.class], file [F:\working\code\ndt-etl\target\classes\com\jk\ndt\etl\dao\BaseDao.class], file [F:\working\code\ndt-etl\target\classes\com\jk\ndt\etl\dao\common\CommonDao.class], file [F:\working\code\ndt-etl\target\classes\com\jk\ndt\etl\dao\logs\SheetLogDao.class], file [F:\working\code\ndt-etl\target\classes\com\jk\ndt\etl\dao\mirror\MirrorTableDao.class], file [F:\working\code\ndt-etl\target\classes\com\jk\ndt\etl\dao\monitor\AlarmRuleDao.class], file [F:\working\code\ndt-etl\target\classes\com\jk\ndt\etl\dao\monitor\MailInfoDao.class], file [F:\working\code\ndt-etl\target\classes\com\jk\ndt\etl\dao\monitor\ServerHostDao.class], file [F:\working\code\ndt-etl\target\classes\com\jk\ndt\etl\dao\monitor\ServerInfoDao.class], file [F:\working\code\ndt-etl\target\classes\com\jk\ndt\etl\dao\presystem\MBusinessProcessSyncDao.class], file [F:\working\code\ndt-etl\target\classes\com\jk\ndt\etl\dao\system\AdminDao.class], file [F:\working\code\ndt-etl\target\classes\com\jk\ndt\etl\dao\system\ResourceDao.class], file [F:\working\code\ndt-etl\target\classes\com\jk\ndt\etl\dao\system\RoleDao.class], file [F:\working\code\ndt-etl\target\classes\com\jk\ndt\etl\dao\system\UserDao.class], file [F:\working\code\ndt-etl\target\classes\com\jk\ndt\etl\dao\transform\TransformDao.class], file [F:\working\code\ndt-etl\target\classes\com\jk\ndt\etl\entity\access\SheetInfo.class], file [F:\working\code\ndt-etl\target\classes\com\jk\ndt\etl\entity\access\UploadInfo.class], file [F:\working\code\ndt-etl\target\classes\com\jk\ndt\etl\entity\BaseEntity.class], file [F:\working\code\ndt-etl\target\classes\com\jk\ndt\etl\entity\CommonQueryObj.class], file [F:\working\code\ndt-etl\target\classes\com\jk\ndt\etl\entity\logs\SheetLog.class], file [F:\working\code\ndt-etl\target\classes\com\jk\ndt\etl\entity\mirror\MirrorColumn.class], file [F:\working\code\ndt-etl\target\classes\com\jk\ndt\etl\entity\mirror\MirrorTable.class], file [F:\working\code\ndt-etl\target\classes\com\jk\ndt\etl\entity\monitor\AlarmLogs.class], file [F:\working\code\ndt-etl\target\classes\com\jk\ndt\etl\entity\monitor\AlarmRuleBean.class], file [F:\working\code\ndt-etl\target\classes\com\jk\ndt\etl\entity\monitor\Email.class], file [F:\working\code\ndt-etl\target\classes\com\jk\ndt\etl\entity\monitor\MemoryClear.class], file [F:\working\code\ndt-etl\target\classes\com\jk\ndt\etl\entity\monitor\MonitorTableInfo.class], file [F:\working\code\ndt-etl\target\classes\com\jk\ndt\etl\entity\monitor\ServerHost.class], file [F:\working\code\ndt-etl\target\classes\com\jk\ndt\etl\entity\monitor\ServerInfo.class], file [F:\working\code\ndt-etl\target\classes\com\jk\ndt\etl\entity\monitor\ServerInfoQuery.class], file [F:\working\code\ndt-etl\target\classes\com\jk\ndt\etl\entity\Org.class], file [F:\working\code\ndt-etl\target\classes\com\jk\ndt\etl\entity\Page.class], file [F:\working\code\ndt-etl\target\classes\com\jk\ndt\etl\entity\Paging.class], file [F:\working\code\ndt-etl\target\classes\com\jk\ndt\etl\entity\presystem\MBusinessProcessSync.class], file [F:\working\code\ndt-etl\target\classes\com\jk\ndt\etl\entity\rule\CleanerColumnPO.class], file [F:\working\code\ndt-etl\target\classes\com\jk\ndt\etl\entity\rule\CleanerPO.class], file [F:\working\code\ndt-etl\target\classes\com\jk\ndt\etl\entity\rule\CleanerSheetPO.class], file [F:\working\code\ndt-etl\target\classes\com\jk\ndt\etl\entity\rule\CleanResult.class], file [F:\working\code\ndt-etl\target\classes\com\jk\ndt\etl\entity\rule\ParamInput.class], file [F:\working\code\ndt-etl\target\classes\com\jk\ndt\etl\entity\rule\TransformColumnPO.class], file [F:\working\code\ndt-etl\target\classes\com\jk\ndt\etl\entity\rule\TransformResult.class], file [F:\working\code\ndt-etl\target\classes\com\jk\ndt\etl\entity\rule\TransformSheetPO.class], file [F:\working\code\ndt-etl\target\classes\com\jk\ndt\etl\entity\rule\ValidateColumnPO.class], file [F:\working\code\ndt-etl\target\classes\com\jk\ndt\etl\entity\rule\ValidatePO.class], file [F:\working\code\ndt-etl\target\classes\com\jk\ndt\etl\entity\rule\ValidateResult.class], file [F:\working\code\ndt-etl\target\classes\com\jk\ndt\etl\entity\rule\ValidateSheetPO.class], file [F:\working\code\ndt-etl\target\classes\com\jk\ndt\etl\entity\system\Admin.class], file [F:\working\code\ndt-etl\target\classes\com\jk\ndt\etl\entity\system\Menu.class], file [F:\working\code\ndt-etl\target\classes\com\jk\ndt\etl\entity\system\Resource.class], file [F:\working\code\ndt-etl\target\classes\com\jk\ndt\etl\entity\system\Role.class], file [F:\working\code\ndt-etl\target\classes\com\jk\ndt\etl\entity\system\User.class], file [F:\working\code\ndt-etl\target\classes\com\jk\ndt\etl\entity\ValidateDemo.class], file [F:\working\code\ndt-etl\target\classes\com\jk\ndt\etl\entity\vo\ApplyCreditVo.class], file [F:\working\code\ndt-etl\target\classes\com\jk\ndt\etl\exception\LogicalException.class], file [F:\working\code\ndt-etl\target\classes\com\jk\ndt\etl\extend\EtlPermissionsAuthorizationFilter.class], file [F:\working\code\ndt-etl\target\classes\com\jk\ndt\etl\interceptor\ControllerValidatorInterceptor.class], file [F:\working\code\ndt-etl\target\classes\com\jk\ndt\etl\rule\CleanerUtils.class], file [F:\working\code\ndt-etl\target\classes\com\jk\ndt\etl\rule\impl\DefaultValidator.class], file [F:\working\code\ndt-etl\target\classes\com\jk\ndt\etl\rule\impl\InsertStringOperation.class], file [F:\working\code\ndt-etl\target\classes\com\jk\ndt\etl\rule\impl\RegexValidator.class], file [F:\working\code\ndt-etl\target\classes\com\jk\ndt\etl\rule\impl\ReplaceStringOperation.class], file [F:\working\code\ndt-etl\target\classes\com\jk\ndt\etl\rule\StringOperation.class], file [F:\working\code\ndt-etl\target\classes\com\jk\ndt\etl\rule\ValidateUtils.class], file [F:\working\code\ndt-etl\target\classes\com\jk\ndt\etl\rule\Validator.class], file [F:\working\code\ndt-etl\target\classes\com\jk\ndt\etl\service\access\AnalysisService.class], file [F:\working\code\ndt-etl\target\classes\com\jk\ndt\etl\service\access\impl\AnalysisServiceImpl.class], file [F:\working\code\ndt-etl\target\classes\com\jk\ndt\etl\service\access\impl\SheetInfoServiceImpl.class], file [F:\working\code\ndt-etl\target\classes\com\jk\ndt\etl\service\access\impl\UploadInfoServiceImpl.class], file [F:\working\code\ndt-etl\target\classes\com\jk\ndt\etl\service\access\SheetInfoService.class], file [F:\working\code\ndt-etl\target\classes\com\jk\ndt\etl\service\access\UploadInfoService.class], file [F:\working\code\ndt-etl\target\classes\com\jk\ndt\etl\service\BaseService.class], file [F:\working\code\ndt-etl\target\classes\com\jk\ndt\etl\service\BaseServiceImpl.class], file [F:\working\code\ndt-etl\target\classes\com\jk\ndt\etl\service\common\CommonService.class], file [F:\working\code\ndt-etl\target\classes\com\jk\ndt\etl\service\common\impl\CommonServiceImpl.class], file [F:\working\code\ndt-etl\target\classes\com\jk\ndt\etl\service\logs\impl\SheetLogServiceImpl.class], file [F:\working\code\ndt-etl\target\classes\com\jk\ndt\etl\service\logs\SheetLogService.class], file [F:\working\code\ndt-etl\target\classes\com\jk\ndt\etl\service\mirror\impl\MirrorTableServiceImpl.class], file [F:\working\code\ndt-etl\target\classes\com\jk\ndt\etl\service\mirror\MirrorTableService.class], file [F:\working\code\ndt-etl\target\classes\com\jk\ndt\etl\service\monitor\AlarmRuleService.class], file [F:\working\code\ndt-etl\target\classes\com\jk\ndt\etl\service\monitor\ClearMemoryInfo.class], file [F:\working\code\ndt-etl\target\classes\com\jk\ndt\etl\service\monitor\DiskUseInfo.class], file [F:\working\code\ndt-etl\target\classes\com\jk\ndt\etl\service\monitor\impl\AlarmRuleServiceImpl.class], file [F:\working\code\ndt-etl\target\classes\com\jk\ndt\etl\service\monitor\impl\MailServiceImpl.class], file [F:\working\code\ndt-etl\target\classes\com\jk\ndt\etl\service\monitor\impl\MonitorServiceimpl.class], file [F:\working\code\ndt-etl\target\classes\com\jk\ndt\etl\service\monitor\impl\ServerHostServiceImpl.class], file [F:\working\code\ndt-etl\target\classes\com\jk\ndt\etl\service\monitor\impl\ServerInfoServiceImpl.class], file [F:\working\code\ndt-etl\target\classes\com\jk\ndt\etl\service\monitor\MailService.class], file [F:\working\code\ndt-etl\target\classes\com\jk\ndt\etl\service\monitor\MonitorService.class], file [F:\working\code\ndt-etl\target\classes\com\jk\ndt\etl\service\monitor\ServerHostService.class], file [F:\working\code\ndt-etl\target\classes\com\jk\ndt\etl\service\monitor\ServerInfoService.class], file [F:\working\code\ndt-etl\target\classes\com\jk\ndt\etl\service\monitor\SysCpuInfo.class], file [F:\working\code\ndt-etl\target\classes\com\jk\ndt\etl\service\monitor\SysMemInfo.class], file [F:\working\code\ndt-etl\target\classes\com\jk\ndt\etl\service\presystem\impl\PreSystemServiceImpl.class], file [F:\working\code\ndt-etl\target\classes\com\jk\ndt\etl\service\presystem\PreSyst
[...]
���� 07, 2017 11:10:26 ���� java.util.prefs.WindowsPreferences openKey
WARNING: Could not open windows registry node Software\JavaSoft\Prefs at root 0x80000002. Windows RegOpenKey(...) returned error code 2.
���� 07, 2017 11:10:26 ���� java.util.prefs.WindowsPreferences WindowsRegOpenKey1
WARNING: Trying to recreate Windows registry node Software\JavaSoft\Prefs at root 0x80000002.
���� 07, 2017 11:10:26 ���� java.util.prefs.WindowsPreferences openKey
WARNING: Could not open windows registry node Software\JavaSoft\Prefs at root 0x80000002. Windows RegOpenKey(...) returned error code 2.
���� 07, 2017 11:10:26 ���� java.util.prefs.WindowsPreferences WindowsRegOpenKey1
WARNING: Trying to recreate Windows registry node Software\JavaSoft\Prefs at root 0x80000002.
���� 07, 2017 11:10:26 ���� java.util.prefs.WindowsPreferences openKey
WARNING: Could not open windows registry node Software\JavaSoft\Prefs at root 0x80000002. Windows RegOpenKey(...) returned error code 2.
���� 07, 2017 11:10:26 ���� java.util.prefs.WindowsPreferences WindowsRegOpenKey1
WARNING: Trying to recreate Windows registry node Software\JavaSoft\Prefs at root 0x80000002.
���� 07, 2017 11:10:26 ���� java.util.prefs.WindowsPreferences openKey
WARNING: Could not open windows registry node Software\JavaSoft\Prefs at root 0x80000002. Windows RegOpenKey(...) returned error code 2.
���� 07, 2017 11:10:26 ���� java.util.prefs.WindowsPreferences WindowsRegOpenKey1
WARNING: Trying to recreate Windows registry node Software\JavaSoft\Prefs at root 0x80000002.
���� 07, 2017 11:10:26 ���� java.util.prefs.WindowsPreferences openKey
WARNING: Could not open windows registry node Software\JavaSoft\Prefs at root 0x80000002. Windows RegOpenKey(...) returned error code 2.
���� 07, 2017 11:10:26 ���� java.util.prefs.WindowsPreferences WindowsRegOpenKey1
WARNING: Trying to recreate Windows registry node Software\JavaSoft\Prefs at root 0x80000002.
���� 07, 2017 11:10:26 ���� java.util.prefs.WindowsPreferences openKey
WARNING: Could not open windows registry node Software\JavaSoft\Prefs at root 0x80000002. Windows RegOpenKey(...) returned error code 2.
���� 07, 2017 11:10:26 ���� java.util.prefs.WindowsPreferences WindowsRegOpenKey1
WARNING: Trying to recreate Windows registry node Software\JavaSoft\Prefs at root 0x80000002.
���� 07, 2017 11:10:26 ���� java.util.prefs.WindowsPreferences openKey
WARNING: Could not open windows registry node Software\JavaSoft\Prefs at root 0x80000002. Windows RegOpenKey(...) returned error code 2.
���� 07, 2017 11:10:26 ���� java.util.prefs.WindowsPreferences WindowsRegOpenKey1
WARNING: Trying to recreate Windows registry node Software\JavaSoft\Prefs at root 0x80000002.
���� 07, 2017 11:10:26 ���� java.util.prefs.WindowsPreferences openKey
WARNING: Could not open windows registry node Software\JavaSoft\Prefs at root 0x80000002. Windows RegOpenKey(...) returned error code 2.
���� 07, 2017 11:10:26 ���� java.util.prefs.WindowsPreferences WindowsRegOpenKey1
WARNING: Trying to recreate Windows registry node Software\JavaSoft\Prefs at root 0x80000002.
���� 07, 2017 11:10:26 ���� java.util.prefs.WindowsPreferences openKey
WARNING: Could not open windows registry node Software\JavaSoft\Prefs at root 0x80000002. Windows RegOpenKey(...) returned error code 2.
</system-err>
  </testcase>
  <testcase classname="com.jk.ndt.etl.controller.AdminTest" name="listResource" time="0.003">
    <error message="
### Error querying database.  Cause: java.sql.SQLSyntaxErrorException: ORA-00942: 表或视图不存在

### The error may exist in com/jk/ndt/etl/dao/system/AdminDao.xml
### The error may involve defaultParameterMap
### The error occurred while setting parameters
### SQL: SELECT  * FROM  etl_resource
### Cause: java.sql.SQLSyntaxErrorException: ORA-00942: 表或视图不存在

; bad SQL grammar []; nested exception is java.sql.SQLSyntaxErrorException: ORA-00942: 表或视图不存在
" type="org.springframework.jdbc.BadSqlGrammarException">org.springframework.jdbc.BadSqlGrammarException: 
### Error querying database.  Cause: java.sql.SQLSyntaxErrorException: ORA-00942: 表或视图不存在

### The error may exist in com/jk/ndt/etl/dao/system/AdminDao.xml
### The error may involve defaultParameterMap
### The error occurred while setting parameters
### SQL: SELECT  * FROM  etl_resource
### Cause: java.sql.SQLSyntaxErrorException: ORA-00942: 表或视图不存在

; bad SQL grammar []; nested exception is java.sql.SQLSyntaxErrorException: ORA-00942: 表或视图不存在

	at org.springframework.jdbc.support.SQLErrorCodeSQLExceptionTranslator.doTranslate(SQLErrorCodeSQLExceptionTranslator.java:231)
	at org.springframework.jdbc.support.AbstractFallbackSQLExceptionTranslator.translate(AbstractFallbackSQLExceptionTranslator.java:73)
	at org.mybatis.spring.MyBatisExceptionTranslator.translateExceptionIfPossible(MyBatisExceptionTranslator.java:73)
	at org.mybatis.spring.SqlSessionTemplate$SqlSessionInterceptor.invoke(SqlSessionTemplate.java:371)
	at com.sun.proxy.$Proxy25.selectList(Unknown Source)
	at org.mybatis.spring.SqlSessionTemplate.selectList(SqlSessionTemplate.java:198)
	at org.apache.ibatis.binding.MapperMethod.executeForMany(MapperMethod.java:119)
	at org.apache.ibatis.binding.MapperMethod.execute(MapperMethod.java:63)
	at org.apache.ibatis.binding.MapperProxy.invoke(MapperProxy.java:52)
	at com.sun.proxy.$Proxy27.listResource(Unknown Source)
	at com.jk.ndt.etl.service.system.impl.AdminServiceImpl.listResource(AdminServiceImpl.java:74)
	at com.jk.ndt.etl.service.system.impl.AdminServiceImpl$$FastClassBySpringCGLIB$$a811f92f.invoke(&lt;generated&gt;)
	at org.springframework.cglib.proxy.MethodProxy.invoke(MethodProxy.java:204)
	at org.springframework.aop.framework.CglibAopProxy$CglibMethodInvocation.invokeJoinpoint(CglibAopProxy.java:717)
	at org.springframework.aop.framework.ReflectiveMethodInvocation.proceed(ReflectiveMethodInvocation.java:157)
	at org.springframework.transaction.interceptor.TransactionInterceptor$1.proceedWithInvocation(TransactionInterceptor.java:98)
	at org.springframework.transaction.interceptor.TransactionAspectSupport.invokeWithinTransaction(TransactionAspectSupport.java:266)
	at org.springframework.transaction.interceptor.TransactionInterceptor.invoke(TransactionInterceptor.java:95)
	at org.springframework.aop.framework.ReflectiveMethodInvocation.proceed(ReflectiveMethodInvocation.java:179)
	at org.springframework.aop.interceptor.ExposeInvocationInterceptor.invoke(ExposeInvocationInterceptor.java:92)
	at org.springframework.aop.framework.ReflectiveMethodInvocation.proceed(ReflectiveMethodInvocation.java:179)
	at org.springframework.aop.framework.CglibAopProxy$DynamicAdvisedInterceptor.intercept(CglibAopProxy.java:653)
	at com.jk.ndt.etl.service.system.impl.AdminServiceImpl$$EnhancerBySpringCGLIB$$b5c848ca.listResource(&lt;generated&gt;)
	at com.jk.ndt.etl.controller.AdminTest.listResource(AdminTest.java:24)
	at sun.reflect.NativeMethodAccessorImpl.invoke0(Native Method)
	at sun.reflect.NativeMethodAccessorImpl.invoke(NativeMethodAccessorImpl.java:62)
	at sun.reflect.DelegatingMethodAccessorImpl.invoke(DelegatingMethodAccessorImpl.java:43)
	at java.lang.reflect.Method.invoke(Method.java:498)
	at org.junit.runners.model.FrameworkMethod$1.runReflectiveCall(FrameworkMethod.java:50)
	at org.junit.internal.runners.model.ReflectiveCallable.run(ReflectiveCallable.java:12)
	at org.junit.runners.model.FrameworkMethod.invokeExplosively(FrameworkMethod.java:47)
	at org.junit.internal.runners.statements.InvokeMethod.evaluate(InvokeMethod.java:17)
	at org.springframework.test.context.junit4.statements.RunBeforeTestMethodCallbacks.evaluate(RunBeforeTestMethodCallbacks.java:72)
	at org.springframework.test.context.junit4.statements.RunAfterTestMethodCallbacks.evaluate(RunAfterTestMethodCallbacks.java:81)
	at org.springframework.test.context.junit4.statements.SpringRepeat.evaluate(SpringRepeat.java:72)
	at org.junit.runners.ParentRunner.runLeaf(ParentRunner.java:325)
	at org.springframework.test.context.junit4.SpringJUnit4ClassRunner.runChild(SpringJUnit4ClassRunner.java:216)
	at org.springframework.test.context.junit4.SpringJUnit4ClassRunner.runChild(SpringJUnit4ClassRunner.java:82)
	at org.junit.runners.ParentRunner$3.run(ParentRunner.java:290)
	at org.junit.runners.ParentRunner$1.schedule(ParentRunner.java:71)
	at org.junit.runners.ParentRunner.runChildren(ParentRunner.java:288)
	at org.junit.runners.ParentRunner.access$000(ParentRunner.java:58)
	at org.junit.runners.ParentRunner$2.evaluate(ParentRunner.java:268)
	at org.springframework.test.context.junit4.statements.RunBeforeTestClassCallbacks.evaluate(RunBeforeTestClassCallbacks.java:60)
	at org.springframework.test.context.junit4.statements.RunAfterTestClassCallbacks.evaluate(RunAfterTestClassCallbacks.java:67)
	at org.junit.runners.ParentRunner.run(ParentRunner.java:363)
	at org.springframework.test.context.junit4.SpringJUnit4ClassRunner.run(SpringJUnit4ClassRunner.java:162)
	at org.apache.maven.surefire.junit4.JUnit4Provider.execute(JUnit4Provider.java:252)
	at org.apache.maven.surefire.junit4.JUnit4Provider.executeTestSet(JUnit4Provider.java:141)
	at org.apache.maven.surefire.junit4.JUnit4Provider.invoke(JUnit4Provider.java:112)
	at sun.reflect.NativeMethodAccessorImpl.invoke0(Native Method)
	at sun.reflect.NativeMethodAccessorImpl.invoke(NativeMethodAccessorImpl.java:62)
	at sun.reflect.DelegatingMethodAccessorImpl.invoke(DelegatingMethodAccessorImpl.java:43)
	at java.lang.reflect.Method.invoke(Method.java:498)
	at org.apache.maven.surefire.util.ReflectionUtils.invokeMethodWithArray(ReflectionUtils.java:189)
	at org.apache.maven.surefire.booter.ProviderFactory$ProviderProxy.invoke(ProviderFactory.java:165)
	at org.apache.maven.surefire.booter.ProviderFactory.invokeProvider(ProviderFactory.java:85)
	at org.apache.maven.surefire.booter.ForkedBooter.runSuitesInProcess(ForkedBooter.java:115)
	at org.apache.maven.surefire.booter.ForkedBooter.main(ForkedBooter.java:75)
Caused by: java.sql.SQLSyntaxErrorException: ORA-00942: 表或视图不存在

	at oracle.jdbc.driver.T4CTTIoer.processError(T4CTTIoer.java:450)
	at oracle.jdbc.driver.T4CTTIoer.processError(T4CTTIoer.java:399)
	at oracle.jdbc.driver.T4C8Oall.processError(T4C8Oall.java:1059)
	at oracle.jdbc.driver.T4CTTIfun.receive(T4CTTIfun.java:522)
	at oracle.jdbc.driver.T4CTTIfun.doRPC(T4CTTIfun.java:257)
	at oracle.jdbc.driver.T4C8Oall.doOALL(T4C8Oall.java:587)
	at oracle.jdbc.driver.T4CPreparedStatement.doOall8(T4CPreparedStatement.java:225)
	at oracle.jdbc.driver.T4CPreparedStatement.doOall8(T4CPreparedStatement.java:53)
	at oracle.jdbc.driver.T4CPreparedStatement.executeForDescribe(T4CPreparedStatement.java:774)
	at oracle.jdbc.driver.OracleStatement.executeMaybeDescribe(OracleStatement.java:925)
	at oracle.jdbc.driver.OracleStatement.doExecuteWithTimeout(OracleStatement.java:1111)
	at oracle.jdbc.driver.OraclePreparedStatement.executeInternal(OraclePreparedStatement.java:4798)
	at oracle.jdbc.driver.OraclePreparedStatement.execute(OraclePreparedStatement.java:4901)
	at oracle.jdbc.driver.OraclePreparedStatementWrapper.execute(OraclePreparedStatementWrapper.java:1385)
	at com.alibaba.druid.pool.DruidPooledPreparedStatement.execute(DruidPooledPreparedStatement.java:493)
	at sun.reflect.NativeMethodAccessorImpl.invoke0(Native Method)
	at sun.reflect.NativeMethodAccessorImpl.invoke(NativeMethodAccessorImpl.java:62)
	at sun.reflect.DelegatingMethodAccessorImpl.invoke(DelegatingMethodAccessorImpl.java:43)
	at java.lang.reflect.Method.invoke(Method.java:498)
	at org.apache.ibatis.logging.jdbc.PreparedStatementLogger.invoke(PreparedStatementLogger.java:62)
	at com.sun.proxy.$Proxy51.execute(Unknown Source)
	at org.apache.ibatis.executor.statement.PreparedStatementHandler.query(PreparedStatementHandler.java:59)
	at org.apache.ibatis.executor.statement.RoutingStatementHandler.query(RoutingStatementHandler.java:73)
	at org.apache.ibatis.executor.SimpleExecutor.doQuery(SimpleExecutor.java:60)
	at org.apache.ibatis.executor.BaseExecutor.queryFromDatabase(BaseExecutor.java:267)
	at org.apache.ibatis.executor.BaseExecutor.query(BaseExecutor.java:137)
	at org.apache.ibatis.executor.CachingExecutor.query(CachingExecutor.java:96)
	at org.apache.ibatis.executor.CachingExecutor.query(CachingExecutor.java:77)
	at sun.reflect.NativeMethodAccessorImpl.invoke0(Native Method)
	at sun.reflect.NativeMethodAccessorImpl.invoke(NativeMethodAccessorImpl.java:62)
	at sun.reflect.DelegatingMethodAccessorImpl.invoke(DelegatingMethodAccessorImpl.java:43)
	at java.lang.reflect.Method.invoke(Method.java:498)
	at org.apache.ibatis.plugin.Invocation.proceed(Invocation.java:49)
	at com.github.pagehelper.PageHelper.intercept(PageHelper.java:135)
	at org.apache.ibatis.plugin.Plugin.invoke(Plugin.java:60)
	at com.sun.proxy.$Proxy49.query(Unknown Source)
	at org.apache.ibatis.session.defaults.DefaultSqlSession.selectList(DefaultSqlSession.java:108)
	at org.apache.ibatis.session.defaults.DefaultSqlSession.selectList(DefaultSqlSession.java:102)
	at sun.reflect.NativeMethodAccessorImpl.invoke0(Native Method)
	at sun.reflect.NativeMethodAccessorImpl.invoke(NativeMethodAccessorImpl.java:62)
	at sun.reflect.DelegatingMethodAccessorImpl.invoke(DelegatingMethodAccessorImpl.java:43)
	at java.lang.reflect.Method.invoke(Method.java:498)
	at org.mybatis.spring.SqlSessionTemplate$SqlSessionInterceptor.invoke(SqlSessionTemplate.java:358)
	... 55 more
</error>
    <system-out>DEBUG (org.springframework.test.annotation.ProfileValueUtils:70) - Retrieved @ProfileValueSourceConfiguration [null] for test class [com.jk.ndt.etl.controller.AdminTest]
DEBUG (org.springframework.test.annotation.ProfileValueUtils:82) - Retrieved ProfileValueSource type [class org.springframework.test.annotation.SystemProfileValueSource] for class [com.jk.ndt.etl.controller.AdminTest]
DEBUG (org.springframework.test.context.support.DependencyInjectionTestExecutionListener:80) - Performing dependency injection for test context [[DefaultTestContext@eec5a4a testClass = AdminTest, testInstance = com.jk.ndt.etl.controller.AdminTest@5f95f1e1, testMethod = [null], testException = [null], mergedContextConfiguration = [MergedContextConfiguration@6ddf90b0 testClass = AdminTest, locations = &apos;{classpath*:spring*.xml}&apos;, classes = &apos;{}&apos;, contextInitializerClasses = &apos;[]&apos;, activeProfiles = &apos;{}&apos;, propertySourceLocations = &apos;{}&apos;, propertySourceProperties = &apos;{}&apos;, contextLoader = &apos;org.springframework.test.context.support.DelegatingSmartContextLoader&apos;, parent = [null]]]].
DEBUG (org.springframework.test.context.DefaultCacheAwareContextLoaderDelegate:96) - Retrieved ApplicationContext from cache with key [[MergedContextConfiguration@6ddf90b0 testClass = AdminTest, locations = &apos;{classpath*:spring*.xml}&apos;, classes = &apos;{}&apos;, contextInitializerClasses = &apos;[]&apos;, activeProfiles = &apos;{}&apos;, propertySourceLocations = &apos;{}&apos;, propertySourceProperties = &apos;{}&apos;, contextLoader = &apos;org.springframework.test.context.support.DelegatingSmartContextLoader&apos;, parent = [null]]].
DEBUG (org.springframework.beans.factory.annotation.InjectionMetadata:85) - Processing injected method of bean &apos;com.jk.ndt.etl.controller.AdminTest&apos;: AutowiredFieldElement for private com.jk.ndt.etl.service.system.AdminService com.jk.ndt.etl.controller.AdminTest.adminService
DEBUG (org.springframework.beans.factory.support.DefaultListableBeanFactory:247) - Returning cached instance of singleton bean &apos;adminService&apos;
DEBUG (org.springframework.beans.factory.annotation.InjectionMetadata:85) - Processing injected method of bean &apos;com.jk.ndt.etl.controller.AdminTest&apos;: AutowiredFieldElement for private com.jk.ndt.etl.service.system.AdminService com.jk.ndt.etl.controller.AdminTest.adminService
DEBUG (org.springframework.beans.factory.support.DefaultListableBeanFactory:247) - Returning cached instance of singleton bean &apos;adminService&apos;
DEBUG (org.springframework.jdbc.datasource.DataSourceTransactionManager:367) - Creating new transaction with name [com.jk.ndt.etl.service.system.impl.AdminServiceImpl.listResource]: PROPAGATION_REQUIRED,ISOLATION_DEFAULT,readOnly
DEBUG (org.springframework.jdbc.datasource.DataSourceTransactionManager:206) - Acquired Connection [oracle.jdbc.driver.T4CConnection@412c995d] for JDBC transaction
DEBUG (org.springframework.jdbc.datasource.DataSourceUtils:153) - Setting JDBC Connection [oracle.jdbc.driver.T4CConnection@412c995d] read-only
DEBUG (org.springframework.jdbc.datasource.DataSourceTransactionManager:223) - Switching JDBC Connection [oracle.jdbc.driver.T4CConnection@412c995d] to manual commit
Creating a new SqlSession
Registering transaction synchronization for SqlSession [org.apache.ibatis.session.defaults.DefaultSqlSession@672a1c62]
JDBC Connection [oracle.jdbc.driver.T4CConnection@412c995d] will be managed by Spring
==&gt;  Preparing: SELECT * FROM etl_resource 
==&gt; Parameters: 
DEBUG (com.alibaba.druid.pool.PreparedStatementPool:160) - stmt exit cache
Releasing transactional SqlSession [org.apache.ibatis.session.defaults.DefaultSqlSession@672a1c62]
DEBUG (org.springframework.jdbc.support.SQLErrorCodeSQLExceptionTranslator:397) - Translating SQLException with SQL state &apos;42000&apos;, error code &apos;942&apos;, message [ORA-00942: �����ͼ������
]; SQL was [] for task [
### Error querying database.  Cause: java.sql.SQLSyntaxErrorException: ORA-00942: �����ͼ������

### The error may exist in com/jk/ndt/etl/dao/system/AdminDao.xml
### The error may involve defaultParameterMap
### The error occurred while setting parameters
### SQL: SELECT  * FROM  etl_resource
### Cause: java.sql.SQLSyntaxErrorException: ORA-00942: �����ͼ������

]
Transaction synchronization deregistering SqlSession [org.apache.ibatis.session.defaults.DefaultSqlSession@672a1c62]
Transaction synchronization closing SqlSession [org.apache.ibatis.session.defaults.DefaultSqlSession@672a1c62]
DEBUG (org.springframework.jdbc.datasource.DataSourceTransactionManager:847) - Initiating transaction rollback
DEBUG (org.springframework.jdbc.datasource.DataSourceTransactionManager:281) - Rolling back JDBC transaction on Connection [oracle.jdbc.driver.T4CConnection@412c995d]
DEBUG (org.springframework.jdbc.datasource.DataSourceUtils:222) - Resetting read-only flag of JDBC Connection [oracle.jdbc.driver.T4CConnection@412c995d]
DEBUG (org.springframework.jdbc.datasource.DataSourceTransactionManager:324) - Releasing JDBC Connection [oracle.jdbc.driver.T4CConnection@412c995d] after transaction
DEBUG (org.springframework.jdbc.datasource.DataSourceUtils:327) - Returning JDBC Connection to DataSource
DEBUG (org.springframework.test.context.support.DirtiesContextTestExecutionListener:85) - After test method: context [DefaultTestContext@eec5a4a testClass = AdminTest, testInstance = com.jk.ndt.etl.controller.AdminTest@5f95f1e1, testMethod = listResource@AdminTest, testException = org.springframework.jdbc.BadSqlGrammarException: 
### Error querying database.  Cause: java.sql.SQLSyntaxErrorException: ORA-00942: �����ͼ������

### The error may exist in com/jk/ndt/etl/dao/system/AdminDao.xml
### The error may involve defaultParameterMap
### The error occurred while setting parameters
### SQL: SELECT  * FROM  etl_resource
### Cause: java.sql.SQLSyntaxErrorException: ORA-00942: �����ͼ������

; bad SQL grammar []; nested exception is java.sql.SQLSyntaxErrorException: ORA-00942: �����ͼ������
, mergedContextConfiguration = [MergedContextConfiguration@6ddf90b0 testClass = AdminTest, locations = &apos;{classpath*:spring*.xml}&apos;, classes = &apos;{}&apos;, contextInitializerClasses = &apos;[]&apos;, activeProfiles = &apos;{}&apos;, propertySourceLocations = &apos;{}&apos;, propertySourceProperties = &apos;{}&apos;, contextLoader = &apos;org.springframework.test.context.support.DelegatingSmartContextLoader&apos;, parent = [null]]], class dirties context [false], class mode [null], method dirties context [false].
</system-out>
  </testcase>
</testsuite>