<?xml version="1.0" encoding="UTF-8" ?>
<testsuite tests="1" failures="0" name="com.jk.ndt.etl.service.mirror.MirrorTableServiceTest" time="0.007" errors="1" skipped="0">
  <properties>
[...]
</properties>
  <testcase classname="com.jk.ndt.etl.service.mirror.MirrorTableServiceTest" name="listAllTest" time="0.007">
    <error message="
### Error querying database.  Cause: java.sql.SQLSyntaxErrorException: ORA-00942: 表或视图不存在

### The error may exist in com/jk/ndt/etl/dao/mirror/MirrorTableDao.xml
### The error may involve defaultParameterMap
### The error occurred while setting parameters
### SQL: SELECT       t.&quot;ID&quot;,       t.&quot;NAME&quot;,       c.&quot;NAME&quot; columnName,       c.&quot;ID&quot; columnId   FROM       ETL_MIRROR_TABLE t   LEFT JOIN ETL_MIRROR_COLUMN C ON c.TABLE_ID = t.&quot;ID&quot;
### Cause: java.sql.SQLSyntaxErrorException: ORA-00942: 表或视图不存在

; bad SQL grammar []; nested exception is java.sql.SQLSyntaxErrorException: ORA-00942: 表或视图不存在
" type="org.springframework.jdbc.BadSqlGrammarException">org.springframework.jdbc.BadSqlGrammarException: 
### Error querying database.  Cause: java.sql.SQLSyntaxErrorException: ORA-00942: 表或视图不存在

### The error may exist in com/jk/ndt/etl/dao/mirror/MirrorTableDao.xml
### The error may involve defaultParameterMap
### The error occurred while setting parameters
### SQL: SELECT       t.&quot;ID&quot;,       t.&quot;NAME&quot;,       c.&quot;NAME&quot; columnName,       c.&quot;ID&quot; columnId   FROM       ETL_MIRROR_TABLE t   LEFT JOIN ETL_MIRROR_COLUMN C ON c.TABLE_ID = t.&quot;ID&quot;
### Cause: java.sql.SQLSyntaxErrorException: ORA-00942: 表或视图不存在

; bad SQL grammar []; nested exception is java.sql.SQLSyntaxErrorException: ORA-00942: 表或视图不存在

	at org.springframework.jdbc.support.SQLErrorCodeSQLExceptionTranslator.doTranslate(SQLErrorCodeSQLExceptionTranslator.java:231)
	at org.springframework.jdbc.support.AbstractFallbackSQLExceptionTranslator.translate(AbstractFallbackSQLExceptionTranslator.java:73)
	at org.mybatis.spring.MyBatisExceptionTranslator.translateExceptionIfPossible(MyBatisExceptionTranslator.java:73)
	at org.mybatis.spring.SqlSessionTemplate$SqlSessionInterceptor.invoke(SqlSessionTemplate.java:371)
	at com.sun.proxy.$Proxy25.selectList(Unknown Source)
	at org.mybatis.spring.SqlSessionTemplate.selectList(SqlSessionTemplate.java:198)
	at org.apache.ibatis.binding.MapperMethod.executeForMany(MapperMethod.java:119)
	at org.apache.ibatis.binding.MapperMethod.execute(MapperMethod.java:63)
	at org.apache.ibatis.binding.MapperProxy.invoke(MapperProxy.java:52)
	at com.sun.proxy.$Proxy37.listAll(Unknown Source)
	at com.jk.ndt.etl.service.BaseServiceImpl.listAll(BaseServiceImpl.java:35)
	at com.jk.ndt.etl.service.mirror.MirrorTableServiceTest.listAllTest(MirrorTableServiceTest.java:16)
	at sun.reflect.NativeMethodAccessorImpl.invoke0(Native Method)
	at sun.reflect.NativeMethodAccessorImpl.invoke(NativeMethodAccessorImpl.java:62)
	at sun.reflect.DelegatingMethodAccessorImpl.invoke(DelegatingMethodAccessorImpl.java:43)
	at java.lang.reflect.Method.invoke(Method.java:498)
	at org.junit.runners.model.FrameworkMethod$1.runReflectiveCall(FrameworkMethod.java:50)
	at org.junit.internal.runners.model.ReflectiveCallable.run(ReflectiveCallable.java:12)
	at org.junit.runners.model.FrameworkMethod.invokeExplosively(FrameworkMethod.java:47)
	at org.junit.internal.runners.statements.InvokeMethod.evaluate(InvokeMethod.java:17)
	at org.springframework.test.context.junit4.statements.RunBeforeTestMethodCallbacks.evaluate(RunBeforeTestMethodCallbacks.java:72)
	at org.springframework.test.context.junit4.statements.RunAfterTestMethodCallbacks.evaluate(RunAfterTestMethodCallbacks.java:81)
	at org.springframework.test.context.junit4.statements.SpringRepeat.evaluate(SpringRepeat.java:72)
	at org.junit.runners.ParentRunner.runLeaf(ParentRunner.java:325)
	at org.springframework.test.context.junit4.SpringJUnit4ClassRunner.runChild(SpringJUnit4ClassRunner.java:216)
	at org.springframework.test.context.junit4.SpringJUnit4ClassRunner.runChild(SpringJUnit4ClassRunner.java:82)
	at org.junit.runners.ParentRunner$3.run(ParentRunner.java:290)
	at org.junit.runners.ParentRunner$1.schedule(ParentRunner.java:71)
	at org.junit.runners.ParentRunner.runChildren(ParentRunner.java:288)
	at org.junit.runners.ParentRunner.access$000(ParentRunner.java:58)
	at org.junit.runners.ParentRunner$2.evaluate(ParentRunner.java:268)
	at org.springframework.test.context.junit4.statements.RunBeforeTestClassCallbacks.evaluate(RunBeforeTestClassCallbacks.java:60)
	at org.springframework.test.context.junit4.statements.RunAfterTestClassCallbacks.evaluate(RunAfterTestClassCallbacks.java:67)
	at org.junit.runners.ParentRunner.run(ParentRunner.java:363)
	at org.springframework.test.context.junit4.SpringJUnit4ClassRunner.run(SpringJUnit4ClassRunner.java:162)
	at org.apache.maven.surefire.junit4.JUnit4Provider.execute(JUnit4Provider.java:252)
	at org.apache.maven.surefire.junit4.JUnit4Provider.executeTestSet(JUnit4Provider.java:141)
	at org.apache.maven.surefire.junit4.JUnit4Provider.invoke(JUnit4Provider.java:112)
	at sun.reflect.NativeMethodAccessorImpl.invoke0(Native Method)
	at sun.reflect.NativeMethodAccessorImpl.invoke(NativeMethodAccessorImpl.java:62)
	at sun.reflect.DelegatingMethodAccessorImpl.invoke(DelegatingMethodAccessorImpl.java:43)
	at java.lang.reflect.Method.invoke(Method.java:498)
	at org.apache.maven.surefire.util.ReflectionUtils.invokeMethodWithArray(ReflectionUtils.java:189)
	at org.apache.maven.surefire.booter.ProviderFactory$ProviderProxy.invoke(ProviderFactory.java:165)
	at org.apache.maven.surefire.booter.ProviderFactory.invokeProvider(ProviderFactory.java:85)
	at org.apache.maven.surefire.booter.ForkedBooter.runSuitesInProcess(ForkedBooter.java:115)
	at org.apache.maven.surefire.booter.ForkedBooter.main(ForkedBooter.java:75)
Caused by: java.sql.SQLSyntaxErrorException: ORA-00942: 表或视图不存在

	at oracle.jdbc.driver.T4CTTIoer.processError(T4CTTIoer.java:450)
	at oracle.jdbc.driver.T4CTTIoer.processError(T4CTTIoer.java:399)
	at oracle.jdbc.driver.T4C8Oall.processError(T4C8Oall.java:1059)
	at oracle.jdbc.driver.T4CTTIfun.receive(T4CTTIfun.java:522)
	at oracle.jdbc.driver.T4CTTIfun.doRPC(T4CTTIfun.java:257)
	at oracle.jdbc.driver.T4C8Oall.doOALL(T4C8Oall.java:587)
	at oracle.jdbc.driver.T4CPreparedStatement.doOall8(T4CPreparedStatement.java:225)
	at oracle.jdbc.driver.T4CPreparedStatement.doOall8(T4CPreparedStatement.java:53)
	at oracle.jdbc.driver.T4CPreparedStatement.executeForDescribe(T4CPreparedStatement.java:774)
	at oracle.jdbc.driver.OracleStatement.executeMaybeDescribe(OracleStatement.java:925)
	at oracle.jdbc.driver.OracleStatement.doExecuteWithTimeout(OracleStatement.java:1111)
	at oracle.jdbc.driver.OraclePreparedStatement.executeInternal(OraclePreparedStatement.java:4798)
	at oracle.jdbc.driver.OraclePreparedStatement.execute(OraclePreparedStatement.java:4901)
	at oracle.jdbc.driver.OraclePreparedStatementWrapper.execute(OraclePreparedStatementWrapper.java:1385)
	at com.alibaba.druid.pool.DruidPooledPreparedStatement.execute(DruidPooledPreparedStatement.java:493)
	at sun.reflect.NativeMethodAccessorImpl.invoke0(Native Method)
	at sun.reflect.NativeMethodAccessorImpl.invoke(NativeMethodAccessorImpl.java:62)
	at sun.reflect.DelegatingMethodAccessorImpl.invoke(DelegatingMethodAccessorImpl.java:43)
	at java.lang.reflect.Method.invoke(Method.java:498)
	at org.apache.ibatis.logging.jdbc.PreparedStatementLogger.invoke(PreparedStatementLogger.java:62)
	at com.sun.proxy.$Proxy51.execute(Unknown Source)
	at org.apache.ibatis.executor.statement.PreparedStatementHandler.query(PreparedStatementHandler.java:59)
	at org.apache.ibatis.executor.statement.RoutingStatementHandler.query(RoutingStatementHandler.java:73)
	at org.apache.ibatis.executor.SimpleExecutor.doQuery(SimpleExecutor.java:60)
	at org.apache.ibatis.executor.BaseExecutor.queryFromDatabase(BaseExecutor.java:267)
	at org.apache.ibatis.executor.BaseExecutor.query(BaseExecutor.java:137)
	at org.apache.ibatis.executor.CachingExecutor.query(CachingExecutor.java:96)
	at org.apache.ibatis.executor.CachingExecutor.query(CachingExecutor.java:77)
	at sun.reflect.NativeMethodAccessorImpl.invoke0(Native Method)
	at sun.reflect.NativeMethodAccessorImpl.invoke(NativeMethodAccessorImpl.java:62)
	at sun.reflect.DelegatingMethodAccessorImpl.invoke(DelegatingMethodAccessorImpl.java:43)
	at java.lang.reflect.Method.invoke(Method.java:498)
	at org.apache.ibatis.plugin.Invocation.proceed(Invocation.java:49)
	at com.github.pagehelper.PageHelper.intercept(PageHelper.java:135)
	at org.apache.ibatis.plugin.Plugin.invoke(Plugin.java:60)
	at com.sun.proxy.$Proxy49.query(Unknown Source)
	at org.apache.ibatis.session.defaults.DefaultSqlSession.selectList(DefaultSqlSession.java:108)
	at org.apache.ibatis.session.defaults.DefaultSqlSession.selectList(DefaultSqlSession.java:102)
	at sun.reflect.NativeMethodAccessorImpl.invoke0(Native Method)
	at sun.reflect.NativeMethodAccessorImpl.invoke(NativeMethodAccessorImpl.java:62)
	at sun.reflect.DelegatingMethodAccessorImpl.invoke(DelegatingMethodAccessorImpl.java:43)
	at java.lang.reflect.Method.invoke(Method.java:498)
	at org.mybatis.spring.SqlSessionTemplate$SqlSessionInterceptor.invoke(SqlSessionTemplate.java:358)
	... 43 more
</error>
    <system-out>DEBUG (org.springframework.test.context.support.DirtiesContextTestExecutionListener:117) - After test class: context [DefaultTestContext@167381c7 testClass = SheetLogServiceTest, testInstance = [null], testMethod = [null], testException = [null], mergedContextConfiguration = [MergedContextConfiguration@56382bc9 testClass = SheetLogServiceTest, locations = &apos;{classpath*:spring*.xml}&apos;, classes = &apos;{}&apos;, contextInitializerClasses = &apos;[]&apos;, activeProfiles = &apos;{}&apos;, propertySourceLocations = &apos;{}&apos;, propertySourceProperties = &apos;{}&apos;, contextLoader = &apos;org.springframework.test.context.support.DelegatingSmartContextLoader&apos;, parent = [null]]], dirtiesContext [false].
DEBUG (org.springframework.test.context.junit4.SpringJUnit4ClassRunner:112) - SpringJUnit4ClassRunner constructor called with [class com.jk.ndt.etl.service.mirror.MirrorTableServiceTest].
DEBUG (org.springframework.test.context.BootstrapUtils:77) - Instantiating TestContextBootstrapper from class [org.springframework.test.context.support.DefaultTestContextBootstrapper]
DEBUG (org.springframework.test.context.support.AbstractDelegatingSmartContextLoader:96) - Delegating to GenericXmlContextLoader to process context configuration [ContextConfigurationAttributes@17aa8a11 declaringClass = &apos;com.jk.ndt.etl.SpringTest&apos;, classes = &apos;{}&apos;, locations = &apos;{classpath*:spring*.xml}&apos;, inheritLocations = true, initializers = &apos;{}&apos;, inheritInitializers = true, name = [null], contextLoaderClass = &apos;org.springframework.test.context.ContextLoader&apos;].
DEBUG (org.springframework.test.context.support.ActiveProfilesUtils:82) - Could not find an &apos;annotation declaring class&apos; for annotation type [org.springframework.test.context.ActiveProfiles] and class [com.jk.ndt.etl.service.mirror.MirrorTableServiceTest]
DEBUG (org.springframework.test.context.support.DefaultTestContextBootstrapper:112) - @TestExecutionListeners is not present for class [com.jk.ndt.etl.service.mirror.MirrorTableServiceTest]: using defaults.
 INFO (org.springframework.test.context.support.DefaultTestContextBootstrapper:255) - Loaded default TestExecutionListener class names from location [META-INF/spring.factories]: [org.springframework.test.context.web.ServletTestExecutionListener, org.springframework.test.context.support.DependencyInjectionTestExecutionListener, org.springframework.test.context.support.DirtiesContextTestExecutionListener, org.springframework.test.context.transaction.TransactionalTestExecutionListener, org.springframework.test.context.jdbc.SqlScriptsTestExecutionListener]
 INFO (org.springframework.test.context.support.DefaultTestContextBootstrapper:181) - Using TestExecutionListeners: [org.springframework.test.context.web.ServletTestExecutionListener@5583098b, org.springframework.test.context.support.DependencyInjectionTestExecutionListener@5807efad, org.springframework.test.context.support.DirtiesContextTestExecutionListener@53a84ff4, org.springframework.test.context.transaction.TransactionalTestExecutionListener@7ce85af2, org.springframework.test.context.jdbc.SqlScriptsTestExecutionListener@316acbb5]
DEBUG (org.springframework.test.annotation.ProfileValueUtils:70) - Retrieved @ProfileValueSourceConfiguration [null] for test class [com.jk.ndt.etl.service.mirror.MirrorTableServiceTest]
DEBUG (org.springframework.test.annotation.ProfileValueUtils:82) - Retrieved ProfileValueSource type [class org.springframework.test.annotation.SystemProfileValueSource] for class [com.jk.ndt.etl.service.mirror.MirrorTableServiceTest]
DEBUG (org.springframework.test.annotation.ProfileValueUtils:70) - Retrieved @ProfileValueSourceConfiguration [null] for test class [com.jk.ndt.etl.service.mirror.MirrorTableServiceTest]
DEBUG (org.springframework.test.annotation.ProfileValueUtils:82) - Retrieved ProfileValueSource type [class org.springframework.test.annotation.SystemProfileValueSource] for class [com.jk.ndt.etl.service.mirror.MirrorTableServiceTest]
DEBUG (org.springframework.test.annotation.ProfileValueUtils:70) - Retrieved @ProfileValueSourceConfiguration [null] for test class [com.jk.ndt.etl.service.mirror.MirrorTableServiceTest]
DEBUG (org.springframework.test.annotation.ProfileValueUtils:82) - Retrieved ProfileValueSource type [class org.springframework.test.annotation.SystemProfileValueSource] for class [com.jk.ndt.etl.service.mirror.MirrorTableServiceTest]
DEBUG (org.springframework.test.context.support.DependencyInjectionTestExecutionListener:80) - Performing dependency injection for test context [[DefaultTestContext@56f730b2 testClass = MirrorTableServiceTest, testInstance = com.jk.ndt.etl.service.mirror.MirrorTableServiceTest@47311277, testMethod = [null], testException = [null], mergedContextConfiguration = [MergedContextConfiguration@7930ffa9 testClass = MirrorTableServiceTest, locations = &apos;{classpath*:spring*.xml}&apos;, classes = &apos;{}&apos;, contextInitializerClasses = &apos;[]&apos;, activeProfiles = &apos;{}&apos;, propertySourceLocations = &apos;{}&apos;, propertySourceProperties = &apos;{}&apos;, contextLoader = &apos;org.springframework.test.context.support.DelegatingSmartContextLoader&apos;, parent = [null]]]].
DEBUG (org.springframework.test.context.DefaultCacheAwareContextLoaderDelegate:96) - Retrieved ApplicationContext from cache with key [[MergedContextConfiguration@7930ffa9 testClass = MirrorTableServiceTest, locations = &apos;{classpath*:spring*.xml}&apos;, classes = &apos;{}&apos;, contextInitializerClasses = &apos;[]&apos;, activeProfiles = &apos;{}&apos;, propertySourceLocations = &apos;{}&apos;, propertySourceProperties = &apos;{}&apos;, contextLoader = &apos;org.springframework.test.context.support.DelegatingSmartContextLoader&apos;, parent = [null]]].
DEBUG (org.springframework.beans.factory.annotation.InjectionMetadata:85) - Processing injected method of bean &apos;com.jk.ndt.etl.service.mirror.MirrorTableServiceTest&apos;: AutowiredFieldElement for private com.jk.ndt.etl.service.mirror.MirrorTableService com.jk.ndt.etl.service.mirror.MirrorTableServiceTest.mirrorTableService
DEBUG (org.springframework.beans.factory.support.DefaultListableBeanFactory:247) - Returning cached instance of singleton bean &apos;mirrorTableService&apos;
DEBUG (org.springframework.beans.factory.annotation.AutowiredAnnotationBeanPostProcessor:461) - Autowiring by type from bean name &apos;com.jk.ndt.etl.service.mirror.MirrorTableServiceTest&apos; to bean named &apos;mirrorTableService&apos;
DEBUG (org.springframework.beans.factory.annotation.InjectionMetadata:85) - Processing injected method of bean &apos;com.jk.ndt.etl.service.mirror.MirrorTableServiceTest&apos;: AutowiredFieldElement for private com.jk.ndt.etl.service.mirror.MirrorTableService com.jk.ndt.etl.service.mirror.MirrorTableServiceTest.mirrorTableService
DEBUG (org.springframework.beans.factory.support.DefaultListableBeanFactory:247) - Returning cached instance of singleton bean &apos;mirrorTableService&apos;
DEBUG (org.springframework.beans.factory.annotation.AutowiredAnnotationBeanPostProcessor:461) - Autowiring by type from bean name &apos;com.jk.ndt.etl.service.mirror.MirrorTableServiceTest&apos; to bean named &apos;mirrorTableService&apos;
DEBUG (org.springframework.beans.factory.support.DefaultListableBeanFactory:247) - Returning cached instance of singleton bean &apos;org.springframework.aop.support.DefaultBeanFactoryPointcutAdvisor#0&apos;
DEBUG (org.springframework.beans.factory.support.DefaultListableBeanFactory:247) - Returning cached instance of singleton bean &apos;org.springframework.cache.config.internalCacheAdvisor&apos;
DEBUG (org.springframework.beans.factory.support.DefaultListableBeanFactory:247) - Returning cached instance of singleton bean &apos;org.springframework.aop.support.DefaultBeanFactoryPointcutAdvisor#0&apos;
DEBUG (org.springframework.beans.factory.support.DefaultListableBeanFactory:247) - Returning cached instance of singleton bean &apos;org.springframework.cache.config.internalCacheAdvisor&apos;
Creating a new SqlSession
SqlSession [org.apache.ibatis.session.defaults.DefaultSqlSession@1e60b459] was not registered for synchronization because synchronization is not active
DEBUG (org.springframework.jdbc.datasource.DataSourceUtils:110) - Fetching JDBC Connection from DataSource
JDBC Connection [oracle.jdbc.driver.T4CConnection@412c995d] will not be managed by Spring
==&gt;  Preparing: SELECT t.&quot;ID&quot;, t.&quot;NAME&quot;, c.&quot;NAME&quot; columnName, c.&quot;ID&quot; columnId FROM ETL_MIRROR_TABLE t LEFT JOIN ETL_MIRROR_COLUMN C ON c.TABLE_ID = t.&quot;ID&quot; 
==&gt; Parameters: 
DEBUG (com.alibaba.druid.pool.PreparedStatementPool:160) - stmt exit cache
Closing non transactional SqlSession [org.apache.ibatis.session.defaults.DefaultSqlSession@1e60b459]
DEBUG (org.springframework.jdbc.datasource.DataSourceUtils:327) - Returning JDBC Connection to DataSource
DEBUG (org.springframework.jdbc.support.SQLErrorCodesFactory:199) - Looking up default SQLErrorCodes for DataSource [{
	CreateTime:&quot;2017-06-07 11:10:27&quot;,
	ActiveCount:0,
	PoolingCount:3,
	CreateCount:3,
	DestroyCount:0,
	CloseCount:12,
	ConnectCount:12,
	Connections:[
		{ID:1816468636, ConnectTime:&quot;2017-06-07 11:10:28&quot;, UseCount:0, LastActiveTime:&quot;2017-06-07 11:10:28&quot;},
		{ID:817490653, ConnectTime:&quot;2017-06-07 11:10:28&quot;, UseCount:0, LastActiveTime:&quot;2017-06-07 11:10:28&quot;},
		{ID:1093441885, ConnectTime:&quot;2017-06-07 11:10:28&quot;, UseCount:12, LastActiveTime:&quot;2017-06-07 11:10:32&quot;&quot;, CachedStatementCount:3}
	]
}

[
	{
	ID:1816468636, 
	poolStatements:[
		]
	},
	{
	ID:817490653, 
	poolStatements:[
		]
	},
	{
	ID:1093441885, 
	poolStatements:[
		{hitCount:0,sql:&quot;CREATE TABLE &quot;DEMO4&quot;(
			&quot;ID&quot; NUMBER(20,0) NOT NULL ENABLE, 
		 
		
		  
			&quot;name&quot; VARCHAR2(1000
			BYTE) NULL,
		  
			&quot;age&quot; VARCHAR2(1000
			BYTE) NULL,
		 
		
         
 	        PRIMARY KEY (&quot;ID&quot;))  
 	        LOGGING NOCOMPRESS NOCACHE&quot;	},
		{hitCount:0,sql:&quot;CREATE SEQUENCE  &quot;DEMO4_SEQ&quot;  
 	        MINVALUE 1 
 	        MAXVALUE 9999999999999999999999999999 
 	        INCREMENT BY 1 
 	        START WITH 1 
 	        CACHE 20 
 	        ORDER  
 	        NOCYCLE&quot;	},
		{hitCount:0,sql:&quot;begin
          
        insert into &quot;DEMO4&quot;
	         (  
	            &quot;name&quot;
	         , 
	            &quot;age&quot;
	         ) values 
	        
             (  
                &apos;&apos;
             , 
                &apos;&apos;
             ) 
         ; 
        insert into &quot;DEMO4&quot;
	         (  
	            &quot;name&quot;
	         , 
	            &quot;age&quot;
	         ) values 
	        
             (  
                &apos;dada&apos;
             , 
                &apos;13&apos;
             ) 
         
            ;end;&quot;	}
		]
	}
]]
DEBUG (org.springframework.jdbc.support.SQLErrorCodesFactory:207) - SQLErrorCodes found in cache for DataSource [com.alibaba.druid.pool.DruidDataSource@3249a1ce]
DEBUG (org.springframework.jdbc.support.SQLErrorCodeSQLExceptionTranslator:397) - Translating SQLException with SQL state &apos;42000&apos;, error code &apos;942&apos;, message [ORA-00942: �����ͼ������
]; SQL was [] for task [
### Error querying database.  Cause: java.sql.SQLSyntaxErrorException: ORA-00942: �����ͼ������

### The error may exist in com/jk/ndt/etl/dao/mirror/MirrorTableDao.xml
### The error may involve defaultParameterMap
### The error occurred while setting parameters
### SQL: SELECT       t.&quot;ID&quot;,       t.&quot;NAME&quot;,       c.&quot;NAME&quot; columnName,       c.&quot;ID&quot; columnId   FROM       ETL_MIRROR_TABLE t   LEFT JOIN ETL_MIRROR_COLUMN C ON c.TABLE_ID = t.&quot;ID&quot;
### Cause: java.sql.SQLSyntaxErrorException: ORA-00942: �����ͼ������

]
DEBUG (org.springframework.test.context.support.DirtiesContextTestExecutionListener:85) - After test method: context [DefaultTestContext@56f730b2 testClass = MirrorTableServiceTest, testInstance = com.jk.ndt.etl.service.mirror.MirrorTableServiceTest@47311277, testMethod = listAllTest@MirrorTableServiceTest, testException = org.springframework.jdbc.BadSqlGrammarException: 
### Error querying database.  Cause: java.sql.SQLSyntaxErrorException: ORA-00942: �����ͼ������

### The error may exist in com/jk/ndt/etl/dao/mirror/MirrorTableDao.xml
### The error may involve defaultParameterMap
### The error occurred while setting parameters
### SQL: SELECT       t.&quot;ID&quot;,       t.&quot;NAME&quot;,       c.&quot;NAME&quot; columnName,       c.&quot;ID&quot; columnId   FROM       ETL_MIRROR_TABLE t   LEFT JOIN ETL_MIRROR_COLUMN C ON c.TABLE_ID = t.&quot;ID&quot;
### Cause: java.sql.SQLSyntaxErrorException: ORA-00942: �����ͼ������

; bad SQL grammar []; nested exception is java.sql.SQLSyntaxErrorException: ORA-00942: �����ͼ������
, mergedContextConfiguration = [MergedContextConfiguration@7930ffa9 testClass = MirrorTableServiceTest, locations = &apos;{classpath*:spring*.xml}&apos;, classes = &apos;{}&apos;, contextInitializerClasses = &apos;[]&apos;, activeProfiles = &apos;{}&apos;, propertySourceLocations = &apos;{}&apos;, propertySourceProperties = &apos;{}&apos;, contextLoader = &apos;org.springframework.test.context.support.DelegatingSmartContextLoader&apos;, parent = [null]]], class dirties context [false], class mode [null], method dirties context [false].
</system-out>
  </testcase>
</testsuite>